This file contains any messages produced by compilers while
running configure, to aid debugging if configure makes a mistake.

It was created by ViennaRNA configure 2.4.6, which was
generated by GNU Autoconf 2.69.  Invocation command line was

  $ ./configure 

## --------- ##
## Platform. ##
## --------- ##

hostname = olya-GL552VX
uname -m = x86_64
uname -r = 4.10.0-38-generic
uname -s = Linux
uname -v = #42~16.04.1-Ubuntu SMP Tue Oct 10 16:32:20 UTC 2017

/usr/bin/uname -p = unknown
/bin/uname -X     = unknown

/bin/arch              = unknown
/usr/bin/arch -k       = unknown
/usr/convex/getsysinfo = unknown
/usr/bin/hostinfo      = unknown
/bin/machine           = unknown
/usr/bin/oslevel       = unknown
/bin/universe          = unknown

PATH: /usr/local/sbin
PATH: /usr/local/bin
PATH: /usr/sbin
PATH: /usr/bin
PATH: /sbin
PATH: /bin
PATH: /usr/games
PATH: /usr/local/games


## ----------- ##
## Core tests. ##
## ----------- ##

configure:2910: checking for gcc
configure:2926: found /usr/bin/gcc
configure:2937: result: gcc
configure:3166: checking for C compiler version
configure:3175: gcc --version >&5
gcc (Ubuntu 5.4.0-6ubuntu1~16.04.9) 5.4.0 20160609
Copyright (C) 2015 Free Software Foundation, Inc.
This is free software; see the source for copying conditions.  There is NO
warranty; not even for MERCHANTABILITY or FITNESS FOR A PARTICULAR PURPOSE.

configure:3186: $? = 0
configure:3175: gcc -v >&5
Using built-in specs.
COLLECT_GCC=gcc
COLLECT_LTO_WRAPPER=/usr/lib/gcc/x86_64-linux-gnu/5/lto-wrapper
Target: x86_64-linux-gnu
Configured with: ../src/configure -v --with-pkgversion='Ubuntu 5.4.0-6ubuntu1~16.04.9' --with-bugurl=file:///usr/share/doc/gcc-5/README.Bugs --enable-languages=c,ada,c++,java,go,d,fortran,objc,obj-c++ --prefix=/usr --program-suffix=-5 --enable-shared --enable-linker-build-id --libexecdir=/usr/lib --without-included-gettext --enable-threads=posix --libdir=/usr/lib --enable-nls --with-sysroot=/ --enable-clocale=gnu --enable-libstdcxx-debug --enable-libstdcxx-time=yes --with-default-libstdcxx-abi=new --enable-gnu-unique-object --disable-vtable-verify --enable-libmpx --enable-plugin --with-system-zlib --disable-browser-plugin --enable-java-awt=gtk --enable-gtk-cairo --with-java-home=/usr/lib/jvm/java-1.5.0-gcj-5-amd64/jre --enable-java-home --with-jvm-root-dir=/usr/lib/jvm/java-1.5.0-gcj-5-amd64 --with-jvm-jar-dir=/usr/lib/jvm-exports/java-1.5.0-gcj-5-amd64 --with-arch-directory=amd64 --with-ecj-jar=/usr/share/java/eclipse-ecj.jar --enable-objc-gc --enable-multiarch --disable-werror --with-arch-32=i686 --with-abi=m64 --with-multilib-list=m32,m64,mx32 --enable-multilib --with-tune=generic --enable-checking=release --build=x86_64-linux-gnu --host=x86_64-linux-gnu --target=x86_64-linux-gnu
Thread model: posix
gcc version 5.4.0 20160609 (Ubuntu 5.4.0-6ubuntu1~16.04.9) 
configure:3186: $? = 0
configure:3175: gcc -V >&5
gcc: error: unrecognized command line option '-V'
gcc: fatal error: no input files
compilation terminated.
configure:3186: $? = 1
configure:3175: gcc -qversion >&5
gcc: error: unrecognized command line option '-qversion'
gcc: fatal error: no input files
compilation terminated.
configure:3186: $? = 1
configure:3206: checking whether the C compiler works
configure:3228: gcc    conftest.c  >&5
configure:3232: $? = 0
configure:3280: result: yes
configure:3283: checking for C compiler default output file name
configure:3285: result: a.out
configure:3291: checking for suffix of executables
configure:3298: gcc -o conftest    conftest.c  >&5
configure:3302: $? = 0
configure:3324: result: 
configure:3346: checking whether we are cross compiling
configure:3354: gcc -o conftest    conftest.c  >&5
configure:3358: $? = 0
configure:3365: ./conftest
configure:3369: $? = 0
configure:3384: result: no
configure:3389: checking for suffix of object files
configure:3411: gcc -c   conftest.c >&5
configure:3415: $? = 0
configure:3436: result: o
configure:3440: checking whether we are using the GNU C compiler
configure:3459: gcc -c   conftest.c >&5
configure:3459: $? = 0
configure:3468: result: yes
configure:3477: checking whether gcc accepts -g
configure:3497: gcc -c -g  conftest.c >&5
configure:3497: $? = 0
configure:3538: result: yes
configure:3555: checking for gcc option to accept ISO C89
configure:3618: gcc  -c -g -O2  conftest.c >&5
configure:3618: $? = 0
configure:3631: result: none needed
configure:3656: checking whether gcc understands -c and -o together
configure:3678: gcc -c conftest.c -o conftest2.o
configure:3681: $? = 0
configure:3678: gcc -c conftest.c -o conftest2.o
configure:3681: $? = 0
configure:3693: result: yes
configure:3716: checking how to run the C preprocessor
configure:3747: gcc -E  conftest.c
configure:3747: $? = 0
configure:3761: gcc -E  conftest.c
conftest.c:9:28: fatal error: ac_nonexistent.h: No such file or directory
compilation terminated.
configure:3761: $? = 1
configure: failed program was:
| /* confdefs.h */
| #define PACKAGE_NAME "ViennaRNA"
| #define PACKAGE_TARNAME "ViennaRNA"
| #define PACKAGE_VERSION "2.4.6"
| #define PACKAGE_STRING "ViennaRNA 2.4.6"
| #define PACKAGE_BUGREPORT "rna@tbi.univie.ac.at"
| #define PACKAGE_URL "http://www.tbi.univie.ac.at/RNA"
| /* end confdefs.h.  */
| #include <ac_nonexistent.h>
configure:3786: result: gcc -E
configure:3806: gcc -E  conftest.c
configure:3806: $? = 0
configure:3820: gcc -E  conftest.c
conftest.c:9:28: fatal error: ac_nonexistent.h: No such file or directory
compilation terminated.
configure:3820: $? = 1
configure: failed program was:
| /* confdefs.h */
| #define PACKAGE_NAME "ViennaRNA"
| #define PACKAGE_TARNAME "ViennaRNA"
| #define PACKAGE_VERSION "2.4.6"
| #define PACKAGE_STRING "ViennaRNA 2.4.6"
| #define PACKAGE_BUGREPORT "rna@tbi.univie.ac.at"
| #define PACKAGE_URL "http://www.tbi.univie.ac.at/RNA"
| /* end confdefs.h.  */
| #include <ac_nonexistent.h>
configure:3849: checking for grep that handles long lines and -e
configure:3907: result: /bin/grep
configure:3912: checking for egrep
configure:3974: result: /bin/grep -E
configure:3979: checking for ANSI C header files
configure:3999: gcc -c -g -O2  conftest.c >&5
configure:3999: $? = 0
configure:4072: gcc -o conftest -g -O2   conftest.c  >&5
configure:4072: $? = 0
configure:4072: ./conftest
configure:4072: $? = 0
configure:4083: result: yes
configure:4096: checking for sys/types.h
configure:4096: gcc -c -g -O2  conftest.c >&5
configure:4096: $? = 0
configure:4096: result: yes
configure:4096: checking for sys/stat.h
configure:4096: gcc -c -g -O2  conftest.c >&5
configure:4096: $? = 0
configure:4096: result: yes
configure:4096: checking for stdlib.h
configure:4096: gcc -c -g -O2  conftest.c >&5
configure:4096: $? = 0
configure:4096: result: yes
configure:4096: checking for string.h
configure:4096: gcc -c -g -O2  conftest.c >&5
configure:4096: $? = 0
configure:4096: result: yes
configure:4096: checking for memory.h
configure:4096: gcc -c -g -O2  conftest.c >&5
configure:4096: $? = 0
configure:4096: result: yes
configure:4096: checking for strings.h
configure:4096: gcc -c -g -O2  conftest.c >&5
configure:4096: $? = 0
configure:4096: result: yes
configure:4096: checking for inttypes.h
configure:4096: gcc -c -g -O2  conftest.c >&5
configure:4096: $? = 0
configure:4096: result: yes
configure:4096: checking for stdint.h
configure:4096: gcc -c -g -O2  conftest.c >&5
configure:4096: $? = 0
configure:4096: result: yes
configure:4096: checking for unistd.h
configure:4096: gcc -c -g -O2  conftest.c >&5
configure:4096: $? = 0
configure:4096: result: yes
configure:4109: checking minix/config.h usability
configure:4109: gcc -c -g -O2  conftest.c >&5
conftest.c:52:26: fatal error: minix/config.h: No such file or directory
compilation terminated.
configure:4109: $? = 1
configure: failed program was:
| /* confdefs.h */
| #define PACKAGE_NAME "ViennaRNA"
| #define PACKAGE_TARNAME "ViennaRNA"
| #define PACKAGE_VERSION "2.4.6"
| #define PACKAGE_STRING "ViennaRNA 2.4.6"
| #define PACKAGE_BUGREPORT "rna@tbi.univie.ac.at"
| #define PACKAGE_URL "http://www.tbi.univie.ac.at/RNA"
| #define STDC_HEADERS 1
| #define HAVE_SYS_TYPES_H 1
| #define HAVE_SYS_STAT_H 1
| #define HAVE_STDLIB_H 1
| #define HAVE_STRING_H 1
| #define HAVE_MEMORY_H 1
| #define HAVE_STRINGS_H 1
| #define HAVE_INTTYPES_H 1
| #define HAVE_STDINT_H 1
| #define HAVE_UNISTD_H 1
| /* end confdefs.h.  */
| #include <stdio.h>
| #ifdef HAVE_SYS_TYPES_H
| # include <sys/types.h>
| #endif
| #ifdef HAVE_SYS_STAT_H
| # include <sys/stat.h>
| #endif
| #ifdef STDC_HEADERS
| # include <stdlib.h>
| # include <stddef.h>
| #else
| # ifdef HAVE_STDLIB_H
| #  include <stdlib.h>
| # endif
| #endif
| #ifdef HAVE_STRING_H
| # if !defined STDC_HEADERS && defined HAVE_MEMORY_H
| #  include <memory.h>
| # endif
| # include <string.h>
| #endif
| #ifdef HAVE_STRINGS_H
| # include <strings.h>
| #endif
| #ifdef HAVE_INTTYPES_H
| # include <inttypes.h>
| #endif
| #ifdef HAVE_STDINT_H
| # include <stdint.h>
| #endif
| #ifdef HAVE_UNISTD_H
| # include <unistd.h>
| #endif
| #include <minix/config.h>
configure:4109: result: no
configure:4109: checking minix/config.h presence
configure:4109: gcc -E  conftest.c
conftest.c:19:26: fatal error: minix/config.h: No such file or directory
compilation terminated.
configure:4109: $? = 1
configure: failed program was:
| /* confdefs.h */
| #define PACKAGE_NAME "ViennaRNA"
| #define PACKAGE_TARNAME "ViennaRNA"
| #define PACKAGE_VERSION "2.4.6"
| #define PACKAGE_STRING "ViennaRNA 2.4.6"
| #define PACKAGE_BUGREPORT "rna@tbi.univie.ac.at"
| #define PACKAGE_URL "http://www.tbi.univie.ac.at/RNA"
| #define STDC_HEADERS 1
| #define HAVE_SYS_TYPES_H 1
| #define HAVE_SYS_STAT_H 1
| #define HAVE_STDLIB_H 1
| #define HAVE_STRING_H 1
| #define HAVE_MEMORY_H 1
| #define HAVE_STRINGS_H 1
| #define HAVE_INTTYPES_H 1
| #define HAVE_STDINT_H 1
| #define HAVE_UNISTD_H 1
| /* end confdefs.h.  */
| #include <minix/config.h>
configure:4109: result: no
configure:4109: checking for minix/config.h
configure:4109: result: no
configure:4130: checking whether it is safe to define __EXTENSIONS__
configure:4148: gcc -c -g -O2  conftest.c >&5
configure:4148: $? = 0
configure:4155: result: yes
configure:4182: checking whether make supports nested variables
configure:4199: result: yes
configure:4226: checking for a BSD-compatible install
configure:4294: result: /usr/bin/install -c
configure:4305: checking whether build environment is sane
configure:4360: result: yes
configure:4508: checking for a thread-safe mkdir -p
configure:4547: result: /bin/mkdir -p
configure:4554: checking for gawk
configure:4584: result: no
configure:4554: checking for mawk
configure:4570: found /usr/bin/mawk
configure:4581: result: mawk
configure:4592: checking whether make sets $(MAKE)
configure:4614: result: yes
configure:4644: checking for style of include used by make
configure:4672: result: GNU
configure:4769: checking dependency style of gcc
configure:4880: result: gcc3
configure:4942: checking if malloc debugging is wanted
configure:4960: result: no
configure:4973: checking build system type
configure:4987: result: x86_64-unknown-linux-gnu
configure:5007: checking host system type
configure:5020: result: x86_64-unknown-linux-gnu
configure:5099: checking for g++
configure:5115: found /usr/bin/g++
configure:5126: result: g++
configure:5153: checking for C++ compiler version
configure:5162: g++ --version >&5
g++ (Ubuntu 5.4.0-6ubuntu1~16.04.9) 5.4.0 20160609
Copyright (C) 2015 Free Software Foundation, Inc.
This is free software; see the source for copying conditions.  There is NO
warranty; not even for MERCHANTABILITY or FITNESS FOR A PARTICULAR PURPOSE.

configure:5173: $? = 0
configure:5162: g++ -v >&5
Using built-in specs.
COLLECT_GCC=g++
COLLECT_LTO_WRAPPER=/usr/lib/gcc/x86_64-linux-gnu/5/lto-wrapper
Target: x86_64-linux-gnu
Configured with: ../src/configure -v --with-pkgversion='Ubuntu 5.4.0-6ubuntu1~16.04.9' --with-bugurl=file:///usr/share/doc/gcc-5/README.Bugs --enable-languages=c,ada,c++,java,go,d,fortran,objc,obj-c++ --prefix=/usr --program-suffix=-5 --enable-shared --enable-linker-build-id --libexecdir=/usr/lib --without-included-gettext --enable-threads=posix --libdir=/usr/lib --enable-nls --with-sysroot=/ --enable-clocale=gnu --enable-libstdcxx-debug --enable-libstdcxx-time=yes --with-default-libstdcxx-abi=new --enable-gnu-unique-object --disable-vtable-verify --enable-libmpx --enable-plugin --with-system-zlib --disable-browser-plugin --enable-java-awt=gtk --enable-gtk-cairo --with-java-home=/usr/lib/jvm/java-1.5.0-gcj-5-amd64/jre --enable-java-home --with-jvm-root-dir=/usr/lib/jvm/java-1.5.0-gcj-5-amd64 --with-jvm-jar-dir=/usr/lib/jvm-exports/java-1.5.0-gcj-5-amd64 --with-arch-directory=amd64 --with-ecj-jar=/usr/share/java/eclipse-ecj.jar --enable-objc-gc --enable-multiarch --disable-werror --with-arch-32=i686 --with-abi=m64 --with-multilib-list=m32,m64,mx32 --enable-multilib --with-tune=generic --enable-checking=release --build=x86_64-linux-gnu --host=x86_64-linux-gnu --target=x86_64-linux-gnu
Thread model: posix
gcc version 5.4.0 20160609 (Ubuntu 5.4.0-6ubuntu1~16.04.9) 
configure:5173: $? = 0
configure:5162: g++ -V >&5
g++: error: unrecognized command line option '-V'
g++: fatal error: no input files
compilation terminated.
configure:5173: $? = 1
configure:5162: g++ -qversion >&5
g++: error: unrecognized command line option '-qversion'
g++: fatal error: no input files
compilation terminated.
configure:5173: $? = 1
configure:5177: checking whether we are using the GNU C++ compiler
configure:5196: g++ -c   conftest.cpp >&5
configure:5196: $? = 0
configure:5205: result: yes
configure:5214: checking whether g++ accepts -g
configure:5234: g++ -c -g  conftest.cpp >&5
configure:5234: $? = 0
configure:5275: result: yes
configure:5300: checking dependency style of g++
configure:5411: result: gcc3
configure:5431: checking how to run the C++ preprocessor
configure:5458: g++ -E  conftest.cpp
configure:5458: $? = 0
configure:5472: g++ -E  conftest.cpp
conftest.cpp:26:28: fatal error: ac_nonexistent.h: No such file or directory
compilation terminated.
configure:5472: $? = 1
configure: failed program was:
| /* confdefs.h */
| #define PACKAGE_NAME "ViennaRNA"
| #define PACKAGE_TARNAME "ViennaRNA"
| #define PACKAGE_VERSION "2.4.6"
| #define PACKAGE_STRING "ViennaRNA 2.4.6"
| #define PACKAGE_BUGREPORT "rna@tbi.univie.ac.at"
| #define PACKAGE_URL "http://www.tbi.univie.ac.at/RNA"
| #define STDC_HEADERS 1
| #define HAVE_SYS_TYPES_H 1
| #define HAVE_SYS_STAT_H 1
| #define HAVE_STDLIB_H 1
| #define HAVE_STRING_H 1
| #define HAVE_MEMORY_H 1
| #define HAVE_STRINGS_H 1
| #define HAVE_INTTYPES_H 1
| #define HAVE_STDINT_H 1
| #define HAVE_UNISTD_H 1
| #define __EXTENSIONS__ 1
| #define _ALL_SOURCE 1
| #define _GNU_SOURCE 1
| #define _POSIX_PTHREAD_SEMANTICS 1
| #define _TANDEM_SOURCE 1
| #define PACKAGE "ViennaRNA"
| #define VERSION "2.4.6"
| /* end confdefs.h.  */
| #include <ac_nonexistent.h>
configure:5497: result: g++ -E
configure:5517: g++ -E  conftest.cpp
configure:5517: $? = 0
configure:5531: g++ -E  conftest.cpp
conftest.cpp:26:28: fatal error: ac_nonexistent.h: No such file or directory
compilation terminated.
configure:5531: $? = 1
configure: failed program was:
| /* confdefs.h */
| #define PACKAGE_NAME "ViennaRNA"
| #define PACKAGE_TARNAME "ViennaRNA"
| #define PACKAGE_VERSION "2.4.6"
| #define PACKAGE_STRING "ViennaRNA 2.4.6"
| #define PACKAGE_BUGREPORT "rna@tbi.univie.ac.at"
| #define PACKAGE_URL "http://www.tbi.univie.ac.at/RNA"
| #define STDC_HEADERS 1
| #define HAVE_SYS_TYPES_H 1
| #define HAVE_SYS_STAT_H 1
| #define HAVE_STDLIB_H 1
| #define HAVE_STRING_H 1
| #define HAVE_MEMORY_H 1
| #define HAVE_STRINGS_H 1
| #define HAVE_INTTYPES_H 1
| #define HAVE_STDINT_H 1
| #define HAVE_UNISTD_H 1
| #define __EXTENSIONS__ 1
| #define _ALL_SOURCE 1
| #define _GNU_SOURCE 1
| #define _POSIX_PTHREAD_SEMANTICS 1
| #define _TANDEM_SOURCE 1
| #define PACKAGE "ViennaRNA"
| #define VERSION "2.4.6"
| /* end confdefs.h.  */
| #include <ac_nonexistent.h>
configure:5607: checking for gcc
configure:5634: result: gcc
configure:5863: checking for C compiler version
configure:5872: gcc --version >&5
gcc (Ubuntu 5.4.0-6ubuntu1~16.04.9) 5.4.0 20160609
Copyright (C) 2015 Free Software Foundation, Inc.
This is free software; see the source for copying conditions.  There is NO
warranty; not even for MERCHANTABILITY or FITNESS FOR A PARTICULAR PURPOSE.

configure:5883: $? = 0
configure:5872: gcc -v >&5
Using built-in specs.
COLLECT_GCC=gcc
COLLECT_LTO_WRAPPER=/usr/lib/gcc/x86_64-linux-gnu/5/lto-wrapper
Target: x86_64-linux-gnu
Configured with: ../src/configure -v --with-pkgversion='Ubuntu 5.4.0-6ubuntu1~16.04.9' --with-bugurl=file:///usr/share/doc/gcc-5/README.Bugs --enable-languages=c,ada,c++,java,go,d,fortran,objc,obj-c++ --prefix=/usr --program-suffix=-5 --enable-shared --enable-linker-build-id --libexecdir=/usr/lib --without-included-gettext --enable-threads=posix --libdir=/usr/lib --enable-nls --with-sysroot=/ --enable-clocale=gnu --enable-libstdcxx-debug --enable-libstdcxx-time=yes --with-default-libstdcxx-abi=new --enable-gnu-unique-object --disable-vtable-verify --enable-libmpx --enable-plugin --with-system-zlib --disable-browser-plugin --enable-java-awt=gtk --enable-gtk-cairo --with-java-home=/usr/lib/jvm/java-1.5.0-gcj-5-amd64/jre --enable-java-home --with-jvm-root-dir=/usr/lib/jvm/java-1.5.0-gcj-5-amd64 --with-jvm-jar-dir=/usr/lib/jvm-exports/java-1.5.0-gcj-5-amd64 --with-arch-directory=amd64 --with-ecj-jar=/usr/share/java/eclipse-ecj.jar --enable-objc-gc --enable-multiarch --disable-werror --with-arch-32=i686 --with-abi=m64 --with-multilib-list=m32,m64,mx32 --enable-multilib --with-tune=generic --enable-checking=release --build=x86_64-linux-gnu --host=x86_64-linux-gnu --target=x86_64-linux-gnu
Thread model: posix
gcc version 5.4.0 20160609 (Ubuntu 5.4.0-6ubuntu1~16.04.9) 
configure:5883: $? = 0
configure:5872: gcc -V >&5
gcc: error: unrecognized command line option '-V'
gcc: fatal error: no input files
compilation terminated.
configure:5883: $? = 1
configure:5872: gcc -qversion >&5
gcc: error: unrecognized command line option '-qversion'
gcc: fatal error: no input files
compilation terminated.
configure:5883: $? = 1
configure:5887: checking whether we are using the GNU C compiler
configure:5915: result: yes
configure:5924: checking whether gcc accepts -g
configure:5985: result: yes
configure:6002: checking for gcc option to accept ISO C89
configure:6078: result: none needed
configure:6103: checking whether gcc understands -c and -o together
configure:6140: result: yes
configure:6162: checking how to run the C preprocessor
configure:6232: result: gcc -E
configure:6252: gcc -E  conftest.c
configure:6252: $? = 0
configure:6266: gcc -E  conftest.c
conftest.c:26:28: fatal error: ac_nonexistent.h: No such file or directory
compilation terminated.
configure:6266: $? = 1
configure: failed program was:
| /* confdefs.h */
| #define PACKAGE_NAME "ViennaRNA"
| #define PACKAGE_TARNAME "ViennaRNA"
| #define PACKAGE_VERSION "2.4.6"
| #define PACKAGE_STRING "ViennaRNA 2.4.6"
| #define PACKAGE_BUGREPORT "rna@tbi.univie.ac.at"
| #define PACKAGE_URL "http://www.tbi.univie.ac.at/RNA"
| #define STDC_HEADERS 1
| #define HAVE_SYS_TYPES_H 1
| #define HAVE_SYS_STAT_H 1
| #define HAVE_STDLIB_H 1
| #define HAVE_STRING_H 1
| #define HAVE_MEMORY_H 1
| #define HAVE_STRINGS_H 1
| #define HAVE_INTTYPES_H 1
| #define HAVE_STDINT_H 1
| #define HAVE_UNISTD_H 1
| #define __EXTENSIONS__ 1
| #define _ALL_SOURCE 1
| #define _GNU_SOURCE 1
| #define _POSIX_PTHREAD_SEMANTICS 1
| #define _TANDEM_SOURCE 1
| #define PACKAGE "ViennaRNA"
| #define VERSION "2.4.6"
| /* end confdefs.h.  */
| #include <ac_nonexistent.h>
configure:6355: checking for ar
configure:6371: found /usr/bin/ar
configure:6382: result: ar
configure:6408: checking the archiver (ar) interface
configure:6424: gcc -c -g -O2  conftest.c >&5
configure:6424: $? = 0
configure:6426: ar cru libconftest.a conftest.o >&5
ar: `u' modifier ignored since `D' is the default (see `U')
configure:6429: $? = 0
configure:6457: result: ar
configure:6477: checking whether make sets $(MAKE)
configure:6499: result: yes
configure:6508: checking for grep that handles long lines and -e
configure:6566: result: /bin/grep
configure:6573: checking for a sed that does not truncate output
configure:6637: result: /bin/sed
configure:6642: checking whether ln -s works
configure:6646: result: yes
configure:6653: checking for gcc option to accept ISO C99
configure:6802: gcc  -c -g -O2  conftest.c >&5
configure:6802: $? = 0
configure:6815: result: none needed
configure:6877: checking how to print strings
configure:6904: result: printf
configure:6925: checking for a sed that does not truncate output
configure:6989: result: /bin/sed
configure:7007: checking for fgrep
configure:7069: result: /bin/grep -F
configure:7104: checking for ld used by gcc
configure:7171: result: /usr/bin/ld
configure:7178: checking if the linker (/usr/bin/ld) is GNU ld
configure:7193: result: yes
configure:7205: checking for BSD- or MS-compatible name lister (nm)
configure:7259: result: /usr/bin/nm -B
configure:7389: checking the name lister (/usr/bin/nm -B) interface
configure:7396: gcc -c -g -O2  conftest.c >&5
configure:7399: /usr/bin/nm -B "conftest.o"
configure:7402: output
0000000000000000 B some_variable
configure:7409: result: BSD nm
configure:7413: checking the maximum length of command line arguments
configure:7544: result: 1572864
configure:7592: checking how to convert x86_64-unknown-linux-gnu file names to x86_64-unknown-linux-gnu format
configure:7632: result: func_convert_file_noop
configure:7639: checking how to convert x86_64-unknown-linux-gnu file names to toolchain format
configure:7659: result: func_convert_file_noop
configure:7666: checking for /usr/bin/ld option to reload object files
configure:7673: result: -r
configure:7747: checking for objdump
configure:7763: found /usr/bin/objdump
configure:7774: result: objdump
configure:7806: checking how to recognize dependent libraries
configure:8006: result: pass_all
configure:8091: checking for dlltool
configure:8121: result: no
configure:8151: checking how to associate runtime and link libraries
configure:8178: result: printf %s\n
configure:8302: checking for archiver @FILE support
configure:8319: gcc -c -g -O2  conftest.c >&5
configure:8319: $? = 0
configure:8322: ar cru libconftest.a @conftest.lst >&5
ar: `u' modifier ignored since `D' is the default (see `U')
configure:8325: $? = 0
configure:8330: ar cru libconftest.a @conftest.lst >&5
ar: `u' modifier ignored since `D' is the default (see `U')
ar: conftest.o: No such file or directory
configure:8333: $? = 1
configure:8345: result: @
configure:8403: checking for strip
configure:8419: found /usr/bin/strip
configure:8430: result: strip
configure:8502: checking for ranlib
configure:8518: found /usr/bin/ranlib
configure:8529: result: ranlib
configure:8631: checking command to parse /usr/bin/nm -B output from gcc object
configure:8784: gcc -c -g -O2  conftest.c >&5
configure:8787: $? = 0
configure:8791: /usr/bin/nm -B conftest.o \| sed -n -e 's/^.*[ ]\([ABCDGIRSTW][ABCDGIRSTW]*\)[ ][ ]*\([_A-Za-z][_A-Za-z0-9]*\)$/\1 \2 \2/p' | sed '/ __gnu_lto/d' \> conftest.nm
configure:8794: $? = 0
configure:8860: gcc -o conftest -g -O2   conftest.c conftstm.o >&5
configure:8863: $? = 0
configure:8901: result: ok
configure:8948: checking for sysroot
configure:8978: result: no
configure:8985: checking for a working dd
configure:9023: result: /bin/dd
configure:9027: checking how to truncate binary pipes
configure:9042: result: /bin/dd bs=4096 count=1
configure:9178: gcc -c -g -O2  conftest.c >&5
configure:9181: $? = 0
configure:9371: checking for mt
configure:9387: found /bin/mt
configure:9398: result: mt
configure:9421: checking if mt is a manifest tool
configure:9427: mt '-?'
configure:9435: result: no
configure:10109: checking for dlfcn.h
configure:10109: gcc -c -g -O2  conftest.c >&5
configure:10109: $? = 0
configure:10109: result: yes
configure:10376: checking for objdir
configure:10391: result: .libs
configure:10655: checking if gcc supports -fno-rtti -fno-exceptions
configure:10673: gcc -c -g -O2  -fno-rtti -fno-exceptions conftest.c >&5
cc1: warning: command line option '-fno-rtti' is valid for C++/ObjC++ but not for C
configure:10677: $? = 0
configure:10690: result: no
configure:11048: checking for gcc option to produce PIC
configure:11055: result: -fPIC -DPIC
configure:11063: checking if gcc PIC flag -fPIC -DPIC works
configure:11081: gcc -c -g -O2  -fPIC -DPIC -DPIC conftest.c >&5
configure:11085: $? = 0
configure:11098: result: yes
configure:11127: checking if gcc static flag -static works
configure:11155: result: yes
configure:11170: checking if gcc supports -c -o file.o
configure:11191: gcc -c -g -O2  -o out/conftest2.o conftest.c >&5
configure:11195: $? = 0
configure:11217: result: yes
configure:11225: checking if gcc supports -c -o file.o
configure:11272: result: yes
configure:11305: checking whether the gcc linker (/usr/bin/ld -m elf_x86_64) supports shared libraries
configure:12564: result: yes
configure:12601: checking whether -lc should be explicitly linked in
configure:12609: gcc -c -g -O2  conftest.c >&5
configure:12612: $? = 0
configure:12627: gcc -shared  -fPIC -DPIC conftest.o  -v -Wl,-soname -Wl,conftest -o conftest 2\>\&1 \| /bin/grep  -lc  \>/dev/null 2\>\&1
configure:12630: $? = 0
configure:12644: result: no
configure:12804: checking dynamic linker characteristics
configure:13385: gcc -o conftest -g -O2   -Wl,-rpath -Wl,/foo conftest.c  >&5
configure:13385: $? = 0
configure:13622: result: GNU/Linux ld.so
configure:13744: checking how to hardcode library paths into programs
configure:13769: result: immediate
configure:14317: checking whether stripping libraries is possible
configure:14322: result: yes
configure:14357: checking if libtool supports shared libraries
configure:14359: result: yes
configure:14362: checking whether to build shared libraries
configure:14387: result: yes
configure:14390: checking whether to build static libraries
configure:14394: result: yes
configure:14417: checking how to run the C++ preprocessor
configure:14483: result: g++ -E
configure:14503: g++ -E  conftest.cpp
configure:14503: $? = 0
configure:14517: g++ -E  conftest.cpp
conftest.cpp:29:28: fatal error: ac_nonexistent.h: No such file or directory
compilation terminated.
configure:14517: $? = 1
configure: failed program was:
| /* confdefs.h */
| #define PACKAGE_NAME "ViennaRNA"
| #define PACKAGE_TARNAME "ViennaRNA"
| #define PACKAGE_VERSION "2.4.6"
| #define PACKAGE_STRING "ViennaRNA 2.4.6"
| #define PACKAGE_BUGREPORT "rna@tbi.univie.ac.at"
| #define PACKAGE_URL "http://www.tbi.univie.ac.at/RNA"
| #define STDC_HEADERS 1
| #define HAVE_SYS_TYPES_H 1
| #define HAVE_SYS_STAT_H 1
| #define HAVE_STDLIB_H 1
| #define HAVE_STRING_H 1
| #define HAVE_MEMORY_H 1
| #define HAVE_STRINGS_H 1
| #define HAVE_INTTYPES_H 1
| #define HAVE_STDINT_H 1
| #define HAVE_UNISTD_H 1
| #define __EXTENSIONS__ 1
| #define _ALL_SOURCE 1
| #define _GNU_SOURCE 1
| #define _POSIX_PTHREAD_SEMANTICS 1
| #define _TANDEM_SOURCE 1
| #define PACKAGE "ViennaRNA"
| #define VERSION "2.4.6"
| #define UNUSED __attribute__ ((unused))
| #define HAVE_DLFCN_H 1
| #define LT_OBJDIR ".libs/"
| /* end confdefs.h.  */
| #include <ac_nonexistent.h>
configure:14679: checking for ld used by g++
configure:14746: result: /usr/bin/ld -m elf_x86_64
configure:14753: checking if the linker (/usr/bin/ld -m elf_x86_64) is GNU ld
configure:14768: result: yes
configure:14823: checking whether the g++ linker (/usr/bin/ld -m elf_x86_64) supports shared libraries
configure:15896: result: yes
configure:15932: g++ -c -g -O2  conftest.cpp >&5
configure:15935: $? = 0
configure:16416: checking for g++ option to produce PIC
configure:16423: result: -fPIC -DPIC
configure:16431: checking if g++ PIC flag -fPIC -DPIC works
configure:16449: g++ -c -g -O2  -fPIC -DPIC -DPIC conftest.cpp >&5
configure:16453: $? = 0
configure:16466: result: yes
configure:16489: checking if g++ static flag -static works
configure:16517: result: yes
configure:16529: checking if g++ supports -c -o file.o
configure:16550: g++ -c -g -O2  -o out/conftest2.o conftest.cpp >&5
configure:16554: $? = 0
configure:16576: result: yes
configure:16581: checking if g++ supports -c -o file.o
configure:16628: result: yes
configure:16658: checking whether the g++ linker (/usr/bin/ld -m elf_x86_64) supports shared libraries
configure:16698: result: yes
configure:16839: checking dynamic linker characteristics
configure:17584: result: GNU/Linux ld.so
configure:17649: checking how to hardcode library paths into programs
configure:17674: result: immediate
configure:17739: checking for exp in -lm
configure:17764: gcc -o conftest -g -O2   conftest.c -lm   >&5
conftest.c:36:6: warning: conflicting types for built-in function 'exp'
 char exp ();
      ^
configure:17764: $? = 0
configure:17773: result: yes
configure:17785: checking for ANSI C header files
configure:17889: result: yes
configure:17897: checking for stdbool.h that conforms to C99
configure:17964: gcc -c -g -O2  conftest.c >&5
configure:17964: $? = 0
configure:17971: result: yes
configure:17973: checking for _Bool
configure:17973: gcc -c -g -O2  conftest.c >&5
configure:17973: $? = 0
configure:17973: gcc -c -g -O2  conftest.c >&5
conftest.c: In function 'main':
conftest.c:67:20: error: expected expression before ')' token
 if (sizeof ((_Bool)))
                    ^
configure:17973: $? = 1
configure: failed program was:
| /* confdefs.h */
| #define PACKAGE_NAME "ViennaRNA"
| #define PACKAGE_TARNAME "ViennaRNA"
| #define PACKAGE_VERSION "2.4.6"
| #define PACKAGE_STRING "ViennaRNA 2.4.6"
| #define PACKAGE_BUGREPORT "rna@tbi.univie.ac.at"
| #define PACKAGE_URL "http://www.tbi.univie.ac.at/RNA"
| #define STDC_HEADERS 1
| #define HAVE_SYS_TYPES_H 1
| #define HAVE_SYS_STAT_H 1
| #define HAVE_STDLIB_H 1
| #define HAVE_STRING_H 1
| #define HAVE_MEMORY_H 1
| #define HAVE_STRINGS_H 1
| #define HAVE_INTTYPES_H 1
| #define HAVE_STDINT_H 1
| #define HAVE_UNISTD_H 1
| #define __EXTENSIONS__ 1
| #define _ALL_SOURCE 1
| #define _GNU_SOURCE 1
| #define _POSIX_PTHREAD_SEMANTICS 1
| #define _TANDEM_SOURCE 1
| #define PACKAGE "ViennaRNA"
| #define VERSION "2.4.6"
| #define UNUSED __attribute__ ((unused))
| #define HAVE_DLFCN_H 1
| #define LT_OBJDIR ".libs/"
| #define HAVE_LIBM 1
| #define STDC_HEADERS 1
| /* end confdefs.h.  */
| #include <stdio.h>
| #ifdef HAVE_SYS_TYPES_H
| # include <sys/types.h>
| #endif
| #ifdef HAVE_SYS_STAT_H
| # include <sys/stat.h>
| #endif
| #ifdef STDC_HEADERS
| # include <stdlib.h>
| # include <stddef.h>
| #else
| # ifdef HAVE_STDLIB_H
| #  include <stdlib.h>
| # endif
| #endif
| #ifdef HAVE_STRING_H
| # if !defined STDC_HEADERS && defined HAVE_MEMORY_H
| #  include <memory.h>
| # endif
| # include <string.h>
| #endif
| #ifdef HAVE_STRINGS_H
| # include <strings.h>
| #endif
| #ifdef HAVE_INTTYPES_H
| # include <inttypes.h>
| #endif
| #ifdef HAVE_STDINT_H
| # include <stdint.h>
| #endif
| #ifdef HAVE_UNISTD_H
| # include <unistd.h>
| #endif
| int
| main ()
| {
| if (sizeof ((_Bool)))
| 	    return 0;
|   ;
|   return 0;
| }
configure:17973: result: yes
configure:17993: checking malloc.h usability
configure:17993: gcc -c -g -O2  conftest.c >&5
configure:17993: $? = 0
configure:17993: result: yes
configure:17993: checking malloc.h presence
configure:17993: gcc -E  conftest.c
configure:17993: $? = 0
configure:17993: result: yes
configure:17993: checking for malloc.h
configure:17993: result: yes
configure:17993: checking float.h usability
configure:17993: gcc -c -g -O2  conftest.c >&5
configure:17993: $? = 0
configure:17993: result: yes
configure:17993: checking float.h presence
configure:17993: gcc -E  conftest.c
configure:17993: $? = 0
configure:17993: result: yes
configure:17993: checking for float.h
configure:17993: result: yes
configure:17993: checking limits.h usability
configure:17993: gcc -c -g -O2  conftest.c >&5
configure:17993: $? = 0
configure:17993: result: yes
configure:17993: checking limits.h presence
configure:17993: gcc -E  conftest.c
configure:17993: $? = 0
configure:17993: result: yes
configure:17993: checking for limits.h
configure:17993: result: yes
configure:17993: checking for stdlib.h
configure:17993: result: yes
configure:17993: checking for string.h
configure:17993: result: yes
configure:17993: checking for strings.h
configure:17993: result: yes
configure:17993: checking for unistd.h
configure:17993: result: yes
configure:17993: checking math.h usability
configure:17993: gcc -c -g -O2  conftest.c >&5
configure:17993: $? = 0
configure:17993: result: yes
configure:17993: checking math.h presence
configure:17993: gcc -E  conftest.c
configure:17993: $? = 0
configure:17993: result: yes
configure:17993: checking for math.h
configure:17993: result: yes
configure:17993: checking stdarg.h usability
configure:17993: gcc -c -g -O2  conftest.c >&5
configure:17993: $? = 0
configure:17993: result: yes
configure:17993: checking stdarg.h presence
configure:17993: gcc -E  conftest.c
configure:17993: $? = 0
configure:17993: result: yes
configure:17993: checking for stdarg.h
configure:17993: result: yes
configure:18006: checking for stdlib.h
configure:18006: result: yes
configure:18016: checking for GNU libc compatible malloc
configure:18040: gcc -o conftest -g -O2   conftest.c -lm  >&5
configure:18040: $? = 0
configure:18040: ./conftest
configure:18040: $? = 0
configure:18050: result: yes
configure:18073: checking for stdlib.h
configure:18073: result: yes
configure:18083: checking for GNU libc compatible realloc
configure:18107: gcc -o conftest -g -O2   conftest.c -lm  >&5
configure:18107: $? = 0
configure:18107: ./conftest
configure:18107: $? = 0
configure:18117: result: yes
configure:18138: checking for working strtod
configure:18179: gcc -o conftest -g -O2   conftest.c -lm  >&5
configure:18179: $? = 0
configure:18179: ./conftest
configure:18179: $? = 0
configure:18189: result: yes
configure:18254: checking for floor
configure:18254: gcc -o conftest -g -O2   conftest.c -lm  >&5
conftest.c:69:6: warning: conflicting types for built-in function 'floor'
 char floor ();
      ^
configure:18254: $? = 0
configure:18254: result: yes
configure:18254: checking for strdup
configure:18254: gcc -o conftest -g -O2   conftest.c -lm  >&5
conftest.c:70:6: warning: conflicting types for built-in function 'strdup'
 char strdup ();
      ^
configure:18254: $? = 0
configure:18254: result: yes
configure:18254: checking for strstr
configure:18254: gcc -o conftest -g -O2   conftest.c -lm  >&5
conftest.c:71:6: warning: conflicting types for built-in function 'strstr'
 char strstr ();
      ^
configure:18254: $? = 0
configure:18254: result: yes
configure:18254: checking for strchr
configure:18254: gcc -o conftest -g -O2   conftest.c -lm  >&5
conftest.c:72:6: warning: conflicting types for built-in function 'strchr'
 char strchr ();
      ^
configure:18254: $? = 0
configure:18254: result: yes
configure:18254: checking for strrchr
configure:18254: gcc -o conftest -g -O2   conftest.c -lm  >&5
conftest.c:73:6: warning: conflicting types for built-in function 'strrchr'
 char strrchr ();
      ^
configure:18254: $? = 0
configure:18254: result: yes
configure:18254: checking for strstr
configure:18254: result: yes
configure:18254: checking for strtol
configure:18254: gcc -o conftest -g -O2   conftest.c -lm  >&5
configure:18254: $? = 0
configure:18254: result: yes
configure:18254: checking for strtoul
configure:18254: gcc -o conftest -g -O2   conftest.c -lm  >&5
configure:18254: $? = 0
configure:18254: result: yes
configure:18254: checking for pow
configure:18254: gcc -o conftest -g -O2   conftest.c -lm  >&5
conftest.c:77:6: warning: conflicting types for built-in function 'pow'
 char pow ();
      ^
configure:18254: $? = 0
configure:18254: result: yes
configure:18254: checking for rint
configure:18254: gcc -o conftest -g -O2   conftest.c -lm  >&5
conftest.c:78:6: warning: conflicting types for built-in function 'rint'
 char rint ();
      ^
configure:18254: $? = 0
configure:18254: result: yes
configure:18254: checking for sqrt
configure:18254: gcc -o conftest -g -O2   conftest.c -lm  >&5
conftest.c:79:6: warning: conflicting types for built-in function 'sqrt'
 char sqrt ();
      ^
configure:18254: $? = 0
configure:18254: result: yes
configure:18254: checking for erand48
configure:18254: gcc -o conftest -g -O2   conftest.c -lm  >&5
configure:18254: $? = 0
configure:18254: result: yes
configure:18254: checking for memset
configure:18254: gcc -o conftest -g -O2   conftest.c -lm  >&5
conftest.c:81:6: warning: conflicting types for built-in function 'memset'
 char memset ();
      ^
configure:18254: $? = 0
configure:18254: result: yes
configure:18254: checking for memmove
configure:18254: gcc -o conftest -g -O2   conftest.c -lm  >&5
conftest.c:82:6: warning: conflicting types for built-in function 'memmove'
 char memmove ();
      ^
configure:18254: $? = 0
configure:18254: result: yes
configure:18254: checking for erand48
configure:18254: result: yes
configure:18254: checking for asprintf
configure:18254: gcc -o conftest -g -O2   conftest.c -lm  >&5
configure:18254: $? = 0
configure:18254: result: yes
configure:18254: checking for vasprintf
configure:18254: gcc -o conftest -g -O2   conftest.c -lm  >&5
configure:18254: $? = 0
configure:18254: result: yes
configure:18264: checking for an ANSI C-conforming const
configure:18330: gcc -c -g -O2  conftest.c >&5
configure:18330: $? = 0
configure:18337: result: yes
configure:18345: checking for size_t
configure:18345: gcc -c -g -O2  conftest.c >&5
configure:18345: $? = 0
configure:18345: gcc -c -g -O2  conftest.c >&5
conftest.c: In function 'main':
conftest.c:99:21: error: expected expression before ')' token
 if (sizeof ((size_t)))
                     ^
configure:18345: $? = 1
configure: failed program was:
| /* confdefs.h */
| #define PACKAGE_NAME "ViennaRNA"
| #define PACKAGE_TARNAME "ViennaRNA"
| #define PACKAGE_VERSION "2.4.6"
| #define PACKAGE_STRING "ViennaRNA 2.4.6"
| #define PACKAGE_BUGREPORT "rna@tbi.univie.ac.at"
| #define PACKAGE_URL "http://www.tbi.univie.ac.at/RNA"
| #define STDC_HEADERS 1
| #define HAVE_SYS_TYPES_H 1
| #define HAVE_SYS_STAT_H 1
| #define HAVE_STDLIB_H 1
| #define HAVE_STRING_H 1
| #define HAVE_MEMORY_H 1
| #define HAVE_STRINGS_H 1
| #define HAVE_INTTYPES_H 1
| #define HAVE_STDINT_H 1
| #define HAVE_UNISTD_H 1
| #define __EXTENSIONS__ 1
| #define _ALL_SOURCE 1
| #define _GNU_SOURCE 1
| #define _POSIX_PTHREAD_SEMANTICS 1
| #define _TANDEM_SOURCE 1
| #define PACKAGE "ViennaRNA"
| #define VERSION "2.4.6"
| #define UNUSED __attribute__ ((unused))
| #define HAVE_DLFCN_H 1
| #define LT_OBJDIR ".libs/"
| #define HAVE_LIBM 1
| #define STDC_HEADERS 1
| #define HAVE__BOOL 1
| #define HAVE_STDBOOL_H 1
| #define HAVE_MALLOC_H 1
| #define HAVE_FLOAT_H 1
| #define HAVE_LIMITS_H 1
| #define HAVE_STDLIB_H 1
| #define HAVE_STRING_H 1
| #define HAVE_STRINGS_H 1
| #define HAVE_UNISTD_H 1
| #define HAVE_MATH_H 1
| #define HAVE_STDARG_H 1
| #define HAVE_STDLIB_H 1
| #define HAVE_MALLOC 1
| #define HAVE_STDLIB_H 1
| #define HAVE_REALLOC 1
| #define HAVE_FLOOR 1
| #define HAVE_STRDUP 1
| #define HAVE_STRSTR 1
| #define HAVE_STRCHR 1
| #define HAVE_STRRCHR 1
| #define HAVE_STRSTR 1
| #define HAVE_STRTOL 1
| #define HAVE_STRTOUL 1
| #define HAVE_POW 1
| #define HAVE_RINT 1
| #define HAVE_SQRT 1
| #define HAVE_ERAND48 1
| #define HAVE_MEMSET 1
| #define HAVE_MEMMOVE 1
| #define HAVE_ERAND48 1
| #define HAVE_ASPRINTF 1
| #define HAVE_VASPRINTF 1
| /* end confdefs.h.  */
| #include <stdio.h>
| #ifdef HAVE_SYS_TYPES_H
| # include <sys/types.h>
| #endif
| #ifdef HAVE_SYS_STAT_H
| # include <sys/stat.h>
| #endif
| #ifdef STDC_HEADERS
| # include <stdlib.h>
| # include <stddef.h>
| #else
| # ifdef HAVE_STDLIB_H
| #  include <stdlib.h>
| # endif
| #endif
| #ifdef HAVE_STRING_H
| # if !defined STDC_HEADERS && defined HAVE_MEMORY_H
| #  include <memory.h>
| # endif
| # include <string.h>
| #endif
| #ifdef HAVE_STRINGS_H
| # include <strings.h>
| #endif
| #ifdef HAVE_INTTYPES_H
| # include <inttypes.h>
| #endif
| #ifdef HAVE_STDINT_H
| # include <stdint.h>
| #endif
| #ifdef HAVE_UNISTD_H
| # include <unistd.h>
| #endif
| int
| main ()
| {
| if (sizeof ((size_t)))
| 	    return 0;
|   ;
|   return 0;
| }
configure:18345: result: yes
configure:18356: checking for inline
configure:18372: gcc -c -g -O2  conftest.c >&5
configure:18372: $? = 0
configure:18380: result: inline
configure:18455: checking for pkg-config
configure:18473: found /usr/bin/pkg-config
configure:18485: result: /usr/bin/pkg-config
configure:18510: checking pkg-config is at least version 0.9.0
configure:18513: result: yes
configure:18523: checking for C compiler vendor
configure:18570: gcc -c -g -O2  conftest.c >&5
conftest.c: In function 'main':
conftest.c:69:9: error: 'thisisanerror' undeclared (first use in this function)
         thisisanerror;
         ^
conftest.c:69:9: note: each undeclared identifier is reported only once for each function it appears in
configure:18570: $? = 1
configure: failed program was:
| /* confdefs.h */
| #define PACKAGE_NAME "ViennaRNA"
| #define PACKAGE_TARNAME "ViennaRNA"
| #define PACKAGE_VERSION "2.4.6"
| #define PACKAGE_STRING "ViennaRNA 2.4.6"
| #define PACKAGE_BUGREPORT "rna@tbi.univie.ac.at"
| #define PACKAGE_URL "http://www.tbi.univie.ac.at/RNA"
| #define STDC_HEADERS 1
| #define HAVE_SYS_TYPES_H 1
| #define HAVE_SYS_STAT_H 1
| #define HAVE_STDLIB_H 1
| #define HAVE_STRING_H 1
| #define HAVE_MEMORY_H 1
| #define HAVE_STRINGS_H 1
| #define HAVE_INTTYPES_H 1
| #define HAVE_STDINT_H 1
| #define HAVE_UNISTD_H 1
| #define __EXTENSIONS__ 1
| #define _ALL_SOURCE 1
| #define _GNU_SOURCE 1
| #define _POSIX_PTHREAD_SEMANTICS 1
| #define _TANDEM_SOURCE 1
| #define PACKAGE "ViennaRNA"
| #define VERSION "2.4.6"
| #define UNUSED __attribute__ ((unused))
| #define HAVE_DLFCN_H 1
| #define LT_OBJDIR ".libs/"
| #define HAVE_LIBM 1
| #define STDC_HEADERS 1
| #define HAVE__BOOL 1
| #define HAVE_STDBOOL_H 1
| #define HAVE_MALLOC_H 1
| #define HAVE_FLOAT_H 1
| #define HAVE_LIMITS_H 1
| #define HAVE_STDLIB_H 1
| #define HAVE_STRING_H 1
| #define HAVE_STRINGS_H 1
| #define HAVE_UNISTD_H 1
| #define HAVE_MATH_H 1
| #define HAVE_STDARG_H 1
| #define HAVE_STDLIB_H 1
| #define HAVE_MALLOC 1
| #define HAVE_STDLIB_H 1
| #define HAVE_REALLOC 1
| #define HAVE_FLOOR 1
| #define HAVE_STRDUP 1
| #define HAVE_STRSTR 1
| #define HAVE_STRCHR 1
| #define HAVE_STRRCHR 1
| #define HAVE_STRSTR 1
| #define HAVE_STRTOL 1
| #define HAVE_STRTOUL 1
| #define HAVE_POW 1
| #define HAVE_RINT 1
| #define HAVE_SQRT 1
| #define HAVE_ERAND48 1
| #define HAVE_MEMSET 1
| #define HAVE_MEMMOVE 1
| #define HAVE_ERAND48 1
| #define HAVE_ASPRINTF 1
| #define HAVE_VASPRINTF 1
| /* end confdefs.h.  */
| 
| int
| main ()
| {
| 
|       #if !(defined(__ICC) || defined(__ECC) || defined(__INTEL_COMPILER))
|         thisisanerror;
|       #endif
| 
|   ;
|   return 0;
| }
configure:18570: gcc -c -g -O2  conftest.c >&5
conftest.c: In function 'main':
conftest.c:69:9: error: 'thisisanerror' undeclared (first use in this function)
         thisisanerror;
         ^
conftest.c:69:9: note: each undeclared identifier is reported only once for each function it appears in
configure:18570: $? = 1
configure: failed program was:
| /* confdefs.h */
| #define PACKAGE_NAME "ViennaRNA"
| #define PACKAGE_TARNAME "ViennaRNA"
| #define PACKAGE_VERSION "2.4.6"
| #define PACKAGE_STRING "ViennaRNA 2.4.6"
| #define PACKAGE_BUGREPORT "rna@tbi.univie.ac.at"
| #define PACKAGE_URL "http://www.tbi.univie.ac.at/RNA"
| #define STDC_HEADERS 1
| #define HAVE_SYS_TYPES_H 1
| #define HAVE_SYS_STAT_H 1
| #define HAVE_STDLIB_H 1
| #define HAVE_STRING_H 1
| #define HAVE_MEMORY_H 1
| #define HAVE_STRINGS_H 1
| #define HAVE_INTTYPES_H 1
| #define HAVE_STDINT_H 1
| #define HAVE_UNISTD_H 1
| #define __EXTENSIONS__ 1
| #define _ALL_SOURCE 1
| #define _GNU_SOURCE 1
| #define _POSIX_PTHREAD_SEMANTICS 1
| #define _TANDEM_SOURCE 1
| #define PACKAGE "ViennaRNA"
| #define VERSION "2.4.6"
| #define UNUSED __attribute__ ((unused))
| #define HAVE_DLFCN_H 1
| #define LT_OBJDIR ".libs/"
| #define HAVE_LIBM 1
| #define STDC_HEADERS 1
| #define HAVE__BOOL 1
| #define HAVE_STDBOOL_H 1
| #define HAVE_MALLOC_H 1
| #define HAVE_FLOAT_H 1
| #define HAVE_LIMITS_H 1
| #define HAVE_STDLIB_H 1
| #define HAVE_STRING_H 1
| #define HAVE_STRINGS_H 1
| #define HAVE_UNISTD_H 1
| #define HAVE_MATH_H 1
| #define HAVE_STDARG_H 1
| #define HAVE_STDLIB_H 1
| #define HAVE_MALLOC 1
| #define HAVE_STDLIB_H 1
| #define HAVE_REALLOC 1
| #define HAVE_FLOOR 1
| #define HAVE_STRDUP 1
| #define HAVE_STRSTR 1
| #define HAVE_STRCHR 1
| #define HAVE_STRRCHR 1
| #define HAVE_STRSTR 1
| #define HAVE_STRTOL 1
| #define HAVE_STRTOUL 1
| #define HAVE_POW 1
| #define HAVE_RINT 1
| #define HAVE_SQRT 1
| #define HAVE_ERAND48 1
| #define HAVE_MEMSET 1
| #define HAVE_MEMMOVE 1
| #define HAVE_ERAND48 1
| #define HAVE_ASPRINTF 1
| #define HAVE_VASPRINTF 1
| /* end confdefs.h.  */
| 
| int
| main ()
| {
| 
|       #if !(defined(__xlc__) || defined(__xlC__) || defined(__IBMC__) || defined(__IBMCPP__))
|         thisisanerror;
|       #endif
| 
|   ;
|   return 0;
| }
configure:18570: gcc -c -g -O2  conftest.c >&5
conftest.c: In function 'main':
conftest.c:69:9: error: 'thisisanerror' undeclared (first use in this function)
         thisisanerror;
         ^
conftest.c:69:9: note: each undeclared identifier is reported only once for each function it appears in
configure:18570: $? = 1
configure: failed program was:
| /* confdefs.h */
| #define PACKAGE_NAME "ViennaRNA"
| #define PACKAGE_TARNAME "ViennaRNA"
| #define PACKAGE_VERSION "2.4.6"
| #define PACKAGE_STRING "ViennaRNA 2.4.6"
| #define PACKAGE_BUGREPORT "rna@tbi.univie.ac.at"
| #define PACKAGE_URL "http://www.tbi.univie.ac.at/RNA"
| #define STDC_HEADERS 1
| #define HAVE_SYS_TYPES_H 1
| #define HAVE_SYS_STAT_H 1
| #define HAVE_STDLIB_H 1
| #define HAVE_STRING_H 1
| #define HAVE_MEMORY_H 1
| #define HAVE_STRINGS_H 1
| #define HAVE_INTTYPES_H 1
| #define HAVE_STDINT_H 1
| #define HAVE_UNISTD_H 1
| #define __EXTENSIONS__ 1
| #define _ALL_SOURCE 1
| #define _GNU_SOURCE 1
| #define _POSIX_PTHREAD_SEMANTICS 1
| #define _TANDEM_SOURCE 1
| #define PACKAGE "ViennaRNA"
| #define VERSION "2.4.6"
| #define UNUSED __attribute__ ((unused))
| #define HAVE_DLFCN_H 1
| #define LT_OBJDIR ".libs/"
| #define HAVE_LIBM 1
| #define STDC_HEADERS 1
| #define HAVE__BOOL 1
| #define HAVE_STDBOOL_H 1
| #define HAVE_MALLOC_H 1
| #define HAVE_FLOAT_H 1
| #define HAVE_LIMITS_H 1
| #define HAVE_STDLIB_H 1
| #define HAVE_STRING_H 1
| #define HAVE_STRINGS_H 1
| #define HAVE_UNISTD_H 1
| #define HAVE_MATH_H 1
| #define HAVE_STDARG_H 1
| #define HAVE_STDLIB_H 1
| #define HAVE_MALLOC 1
| #define HAVE_STDLIB_H 1
| #define HAVE_REALLOC 1
| #define HAVE_FLOOR 1
| #define HAVE_STRDUP 1
| #define HAVE_STRSTR 1
| #define HAVE_STRCHR 1
| #define HAVE_STRRCHR 1
| #define HAVE_STRSTR 1
| #define HAVE_STRTOL 1
| #define HAVE_STRTOUL 1
| #define HAVE_POW 1
| #define HAVE_RINT 1
| #define HAVE_SQRT 1
| #define HAVE_ERAND48 1
| #define HAVE_MEMSET 1
| #define HAVE_MEMMOVE 1
| #define HAVE_ERAND48 1
| #define HAVE_ASPRINTF 1
| #define HAVE_VASPRINTF 1
| /* end confdefs.h.  */
| 
| int
| main ()
| {
| 
|       #if !(defined(__PATHCC__) || defined(__PATHSCALE__))
|         thisisanerror;
|       #endif
| 
|   ;
|   return 0;
| }
configure:18570: gcc -c -g -O2  conftest.c >&5
conftest.c: In function 'main':
conftest.c:69:9: error: 'thisisanerror' undeclared (first use in this function)
         thisisanerror;
         ^
conftest.c:69:9: note: each undeclared identifier is reported only once for each function it appears in
configure:18570: $? = 1
configure: failed program was:
| /* confdefs.h */
| #define PACKAGE_NAME "ViennaRNA"
| #define PACKAGE_TARNAME "ViennaRNA"
| #define PACKAGE_VERSION "2.4.6"
| #define PACKAGE_STRING "ViennaRNA 2.4.6"
| #define PACKAGE_BUGREPORT "rna@tbi.univie.ac.at"
| #define PACKAGE_URL "http://www.tbi.univie.ac.at/RNA"
| #define STDC_HEADERS 1
| #define HAVE_SYS_TYPES_H 1
| #define HAVE_SYS_STAT_H 1
| #define HAVE_STDLIB_H 1
| #define HAVE_STRING_H 1
| #define HAVE_MEMORY_H 1
| #define HAVE_STRINGS_H 1
| #define HAVE_INTTYPES_H 1
| #define HAVE_STDINT_H 1
| #define HAVE_UNISTD_H 1
| #define __EXTENSIONS__ 1
| #define _ALL_SOURCE 1
| #define _GNU_SOURCE 1
| #define _POSIX_PTHREAD_SEMANTICS 1
| #define _TANDEM_SOURCE 1
| #define PACKAGE "ViennaRNA"
| #define VERSION "2.4.6"
| #define UNUSED __attribute__ ((unused))
| #define HAVE_DLFCN_H 1
| #define LT_OBJDIR ".libs/"
| #define HAVE_LIBM 1
| #define STDC_HEADERS 1
| #define HAVE__BOOL 1
| #define HAVE_STDBOOL_H 1
| #define HAVE_MALLOC_H 1
| #define HAVE_FLOAT_H 1
| #define HAVE_LIMITS_H 1
| #define HAVE_STDLIB_H 1
| #define HAVE_STRING_H 1
| #define HAVE_STRINGS_H 1
| #define HAVE_UNISTD_H 1
| #define HAVE_MATH_H 1
| #define HAVE_STDARG_H 1
| #define HAVE_STDLIB_H 1
| #define HAVE_MALLOC 1
| #define HAVE_STDLIB_H 1
| #define HAVE_REALLOC 1
| #define HAVE_FLOOR 1
| #define HAVE_STRDUP 1
| #define HAVE_STRSTR 1
| #define HAVE_STRCHR 1
| #define HAVE_STRRCHR 1
| #define HAVE_STRSTR 1
| #define HAVE_STRTOL 1
| #define HAVE_STRTOUL 1
| #define HAVE_POW 1
| #define HAVE_RINT 1
| #define HAVE_SQRT 1
| #define HAVE_ERAND48 1
| #define HAVE_MEMSET 1
| #define HAVE_MEMMOVE 1
| #define HAVE_ERAND48 1
| #define HAVE_ASPRINTF 1
| #define HAVE_VASPRINTF 1
| /* end confdefs.h.  */
| 
| int
| main ()
| {
| 
|       #if !(defined(__clang__))
|         thisisanerror;
|       #endif
| 
|   ;
|   return 0;
| }
configure:18570: gcc -c -g -O2  conftest.c >&5
conftest.c: In function 'main':
conftest.c:69:9: error: 'thisisanerror' undeclared (first use in this function)
         thisisanerror;
         ^
conftest.c:69:9: note: each undeclared identifier is reported only once for each function it appears in
configure:18570: $? = 1
configure: failed program was:
| /* confdefs.h */
| #define PACKAGE_NAME "ViennaRNA"
| #define PACKAGE_TARNAME "ViennaRNA"
| #define PACKAGE_VERSION "2.4.6"
| #define PACKAGE_STRING "ViennaRNA 2.4.6"
| #define PACKAGE_BUGREPORT "rna@tbi.univie.ac.at"
| #define PACKAGE_URL "http://www.tbi.univie.ac.at/RNA"
| #define STDC_HEADERS 1
| #define HAVE_SYS_TYPES_H 1
| #define HAVE_SYS_STAT_H 1
| #define HAVE_STDLIB_H 1
| #define HAVE_STRING_H 1
| #define HAVE_MEMORY_H 1
| #define HAVE_STRINGS_H 1
| #define HAVE_INTTYPES_H 1
| #define HAVE_STDINT_H 1
| #define HAVE_UNISTD_H 1
| #define __EXTENSIONS__ 1
| #define _ALL_SOURCE 1
| #define _GNU_SOURCE 1
| #define _POSIX_PTHREAD_SEMANTICS 1
| #define _TANDEM_SOURCE 1
| #define PACKAGE "ViennaRNA"
| #define VERSION "2.4.6"
| #define UNUSED __attribute__ ((unused))
| #define HAVE_DLFCN_H 1
| #define LT_OBJDIR ".libs/"
| #define HAVE_LIBM 1
| #define STDC_HEADERS 1
| #define HAVE__BOOL 1
| #define HAVE_STDBOOL_H 1
| #define HAVE_MALLOC_H 1
| #define HAVE_FLOAT_H 1
| #define HAVE_LIMITS_H 1
| #define HAVE_STDLIB_H 1
| #define HAVE_STRING_H 1
| #define HAVE_STRINGS_H 1
| #define HAVE_UNISTD_H 1
| #define HAVE_MATH_H 1
| #define HAVE_STDARG_H 1
| #define HAVE_STDLIB_H 1
| #define HAVE_MALLOC 1
| #define HAVE_STDLIB_H 1
| #define HAVE_REALLOC 1
| #define HAVE_FLOOR 1
| #define HAVE_STRDUP 1
| #define HAVE_STRSTR 1
| #define HAVE_STRCHR 1
| #define HAVE_STRRCHR 1
| #define HAVE_STRSTR 1
| #define HAVE_STRTOL 1
| #define HAVE_STRTOUL 1
| #define HAVE_POW 1
| #define HAVE_RINT 1
| #define HAVE_SQRT 1
| #define HAVE_ERAND48 1
| #define HAVE_MEMSET 1
| #define HAVE_MEMMOVE 1
| #define HAVE_ERAND48 1
| #define HAVE_ASPRINTF 1
| #define HAVE_VASPRINTF 1
| /* end confdefs.h.  */
| 
| int
| main ()
| {
| 
|       #if !(defined(_CRAYC))
|         thisisanerror;
|       #endif
| 
|   ;
|   return 0;
| }
configure:18570: gcc -c -g -O2  conftest.c >&5
conftest.c: In function 'main':
conftest.c:69:9: error: 'thisisanerror' undeclared (first use in this function)
         thisisanerror;
         ^
conftest.c:69:9: note: each undeclared identifier is reported only once for each function it appears in
configure:18570: $? = 1
configure: failed program was:
| /* confdefs.h */
| #define PACKAGE_NAME "ViennaRNA"
| #define PACKAGE_TARNAME "ViennaRNA"
| #define PACKAGE_VERSION "2.4.6"
| #define PACKAGE_STRING "ViennaRNA 2.4.6"
| #define PACKAGE_BUGREPORT "rna@tbi.univie.ac.at"
| #define PACKAGE_URL "http://www.tbi.univie.ac.at/RNA"
| #define STDC_HEADERS 1
| #define HAVE_SYS_TYPES_H 1
| #define HAVE_SYS_STAT_H 1
| #define HAVE_STDLIB_H 1
| #define HAVE_STRING_H 1
| #define HAVE_MEMORY_H 1
| #define HAVE_STRINGS_H 1
| #define HAVE_INTTYPES_H 1
| #define HAVE_STDINT_H 1
| #define HAVE_UNISTD_H 1
| #define __EXTENSIONS__ 1
| #define _ALL_SOURCE 1
| #define _GNU_SOURCE 1
| #define _POSIX_PTHREAD_SEMANTICS 1
| #define _TANDEM_SOURCE 1
| #define PACKAGE "ViennaRNA"
| #define VERSION "2.4.6"
| #define UNUSED __attribute__ ((unused))
| #define HAVE_DLFCN_H 1
| #define LT_OBJDIR ".libs/"
| #define HAVE_LIBM 1
| #define STDC_HEADERS 1
| #define HAVE__BOOL 1
| #define HAVE_STDBOOL_H 1
| #define HAVE_MALLOC_H 1
| #define HAVE_FLOAT_H 1
| #define HAVE_LIMITS_H 1
| #define HAVE_STDLIB_H 1
| #define HAVE_STRING_H 1
| #define HAVE_STRINGS_H 1
| #define HAVE_UNISTD_H 1
| #define HAVE_MATH_H 1
| #define HAVE_STDARG_H 1
| #define HAVE_STDLIB_H 1
| #define HAVE_MALLOC 1
| #define HAVE_STDLIB_H 1
| #define HAVE_REALLOC 1
| #define HAVE_FLOOR 1
| #define HAVE_STRDUP 1
| #define HAVE_STRSTR 1
| #define HAVE_STRCHR 1
| #define HAVE_STRRCHR 1
| #define HAVE_STRSTR 1
| #define HAVE_STRTOL 1
| #define HAVE_STRTOUL 1
| #define HAVE_POW 1
| #define HAVE_RINT 1
| #define HAVE_SQRT 1
| #define HAVE_ERAND48 1
| #define HAVE_MEMSET 1
| #define HAVE_MEMMOVE 1
| #define HAVE_ERAND48 1
| #define HAVE_ASPRINTF 1
| #define HAVE_VASPRINTF 1
| /* end confdefs.h.  */
| 
| int
| main ()
| {
| 
|       #if !(defined(__FUJITSU))
|         thisisanerror;
|       #endif
| 
|   ;
|   return 0;
| }
configure:18570: gcc -c -g -O2  conftest.c >&5
configure:18570: $? = 0
configure:18578: result: gnu
configure:18588: checking for perl
configure:18606: found /usr/bin/perl
configure:18618: result: /usr/bin/perl
configure:18646: checking whether C compiler accepts -fno-strict-aliasing
configure:18665: gcc -c -g -O2  -fno-strict-aliasing  conftest.c >&5
configure:18665: $? = 0
configure:18673: result: yes
configure:18701: : RNA_CFLAGS="$RNA_CFLAGS"
configure:18704: $? = 0
configure:18727: checking whether C++ compiler accepts -fno-strict-aliasing
configure:18746: g++ -c -g -O2  -fno-strict-aliasing  conftest.cpp >&5
configure:18746: $? = 0
configure:18754: result: yes
configure:18782: : RNA_CXXFLAGS="$RNA_CXXFLAGS"
configure:18785: $? = 0
configure:18802: checking whether the linker accepts -fno-strict-aliasing
configure:18821: gcc -o conftest -g -O2    -fno-strict-aliasing conftest.c -lm  >&5
configure:18821: $? = 0
configure:18830: result: yes
configure:18858: : RNA_LDFLAGS="$RNA_LDFLAGS"
configure:18861: $? = 0
configure:18902: checking whether the C compiler allows unnamed unions of unnamed structs
configure:18925: gcc -o conftest -g -O2   conftest.c -lm  >&5
configure:18925: $? = 0
configure:18925: ./conftest
configure:18925: $? = 0
configure:18941: result: yes
configure:18946: checking whether the C++ compiler allows unnamed unions of unnamed structs
configure:18970: g++ -o conftest -g -O2   conftest.cpp -lm  >&5
configure:18970: $? = 0
configure:18970: ./conftest
configure:18970: $? = 0
configure:18986: result: yes
configure:19581: checking whether C compiler accepts -flto
configure:19600: gcc -c -g -O2  -flto  conftest.c >&5
configure:19600: $? = 0
configure:19608: result: yes
configure:19630: checking whether C++ compiler accepts -flto
configure:19649: g++ -c -g -O2  -flto  conftest.cpp >&5
configure:19649: $? = 0
configure:19657: result: yes
configure:19679: checking whether C compiler accepts -ffat-lto-objects
configure:19698: gcc -c -g -O2  -ffat-lto-objects  conftest.c >&5
configure:19698: $? = 0
configure:19706: result: yes
configure:19728: checking whether C++ compiler accepts -ffat-lto-objects
configure:19747: g++ -c -g -O2  -ffat-lto-objects  conftest.cpp >&5
configure:19747: $? = 0
configure:19755: result: yes
configure:20005: WARNING: Trying to re-set ar/ranlib/nm to compiler specific wrappers
configure:20053: checking for gcc-ar
configure:20069: found /usr/bin/gcc-ar
configure:20080: result: gcc-ar
configure:20145: checking for gcc-ranlib
configure:20161: found /usr/bin/gcc-ranlib
configure:20172: result: gcc-ranlib
configure:20237: checking for gcc-nm
configure:20253: found /usr/bin/gcc-nm
configure:20264: result: gcc-nm
configure:20696: checking for ./src/libsvm-3.22/svm.cpp
configure:20699: result: yes
configure:20696: checking for ./src/libsvm-3.22/svm.h
configure:20699: result: yes
configure:20772: checking for ./src/json/json.c
configure:20775: result: yes
configure:20772: checking for ./src/json/json.h
configure:20775: result: yes
configure:20875: checking for cblas_dgemm in -lgslcblas
configure:20900: gcc -o conftest -g -O2   conftest.c -lgslcblas  -lm  >&5
/usr/bin/ld: cannot find -lgslcblas
collect2: error: ld returned 1 exit status
configure:20900: $? = 1
configure: failed program was:
| /* confdefs.h */
| #define PACKAGE_NAME "ViennaRNA"
| #define PACKAGE_TARNAME "ViennaRNA"
| #define PACKAGE_VERSION "2.4.6"
| #define PACKAGE_STRING "ViennaRNA 2.4.6"
| #define PACKAGE_BUGREPORT "rna@tbi.univie.ac.at"
| #define PACKAGE_URL "http://www.tbi.univie.ac.at/RNA"
| #define STDC_HEADERS 1
| #define HAVE_SYS_TYPES_H 1
| #define HAVE_SYS_STAT_H 1
| #define HAVE_STDLIB_H 1
| #define HAVE_STRING_H 1
| #define HAVE_MEMORY_H 1
| #define HAVE_STRINGS_H 1
| #define HAVE_INTTYPES_H 1
| #define HAVE_STDINT_H 1
| #define HAVE_UNISTD_H 1
| #define __EXTENSIONS__ 1
| #define _ALL_SOURCE 1
| #define _GNU_SOURCE 1
| #define _POSIX_PTHREAD_SEMANTICS 1
| #define _TANDEM_SOURCE 1
| #define PACKAGE "ViennaRNA"
| #define VERSION "2.4.6"
| #define UNUSED __attribute__ ((unused))
| #define HAVE_DLFCN_H 1
| #define LT_OBJDIR ".libs/"
| #define HAVE_LIBM 1
| #define STDC_HEADERS 1
| #define HAVE__BOOL 1
| #define HAVE_STDBOOL_H 1
| #define HAVE_MALLOC_H 1
| #define HAVE_FLOAT_H 1
| #define HAVE_LIMITS_H 1
| #define HAVE_STDLIB_H 1
| #define HAVE_STRING_H 1
| #define HAVE_STRINGS_H 1
| #define HAVE_UNISTD_H 1
| #define HAVE_MATH_H 1
| #define HAVE_STDARG_H 1
| #define HAVE_STDLIB_H 1
| #define HAVE_MALLOC 1
| #define HAVE_STDLIB_H 1
| #define HAVE_REALLOC 1
| #define HAVE_FLOOR 1
| #define HAVE_STRDUP 1
| #define HAVE_STRSTR 1
| #define HAVE_STRCHR 1
| #define HAVE_STRRCHR 1
| #define HAVE_STRSTR 1
| #define HAVE_STRTOL 1
| #define HAVE_STRTOUL 1
| #define HAVE_POW 1
| #define HAVE_RINT 1
| #define HAVE_SQRT 1
| #define HAVE_ERAND48 1
| #define HAVE_MEMSET 1
| #define HAVE_MEMMOVE 1
| #define HAVE_ERAND48 1
| #define HAVE_ASPRINTF 1
| #define HAVE_VASPRINTF 1
| #define VRNA_WITH_SVM 1
| #define VRNA_WITH_JSON_SUPPORT 1
| /* end confdefs.h.  */
| 
| /* Override any GCC internal prototype to avoid an error.
|    Use char because int might match the return type of a GCC
|    builtin and then its argument prototype would still apply.  */
| #ifdef __cplusplus
| extern "C"
| #endif
| char cblas_dgemm ();
| int
| main ()
| {
| return cblas_dgemm ();
|   ;
|   return 0;
| }
configure:20909: result: no
configure:20920: checking for gsl_blas_dgemm in -lgsl
configure:20945: gcc -o conftest -g -O2   conftest.c -lgsl  -lm  >&5
/usr/bin/ld: cannot find -lgsl
collect2: error: ld returned 1 exit status
configure:20945: $? = 1
configure: failed program was:
| /* confdefs.h */
| #define PACKAGE_NAME "ViennaRNA"
| #define PACKAGE_TARNAME "ViennaRNA"
| #define PACKAGE_VERSION "2.4.6"
| #define PACKAGE_STRING "ViennaRNA 2.4.6"
| #define PACKAGE_BUGREPORT "rna@tbi.univie.ac.at"
| #define PACKAGE_URL "http://www.tbi.univie.ac.at/RNA"
| #define STDC_HEADERS 1
| #define HAVE_SYS_TYPES_H 1
| #define HAVE_SYS_STAT_H 1
| #define HAVE_STDLIB_H 1
| #define HAVE_STRING_H 1
| #define HAVE_MEMORY_H 1
| #define HAVE_STRINGS_H 1
| #define HAVE_INTTYPES_H 1
| #define HAVE_STDINT_H 1
| #define HAVE_UNISTD_H 1
| #define __EXTENSIONS__ 1
| #define _ALL_SOURCE 1
| #define _GNU_SOURCE 1
| #define _POSIX_PTHREAD_SEMANTICS 1
| #define _TANDEM_SOURCE 1
| #define PACKAGE "ViennaRNA"
| #define VERSION "2.4.6"
| #define UNUSED __attribute__ ((unused))
| #define HAVE_DLFCN_H 1
| #define LT_OBJDIR ".libs/"
| #define HAVE_LIBM 1
| #define STDC_HEADERS 1
| #define HAVE__BOOL 1
| #define HAVE_STDBOOL_H 1
| #define HAVE_MALLOC_H 1
| #define HAVE_FLOAT_H 1
| #define HAVE_LIMITS_H 1
| #define HAVE_STDLIB_H 1
| #define HAVE_STRING_H 1
| #define HAVE_STRINGS_H 1
| #define HAVE_UNISTD_H 1
| #define HAVE_MATH_H 1
| #define HAVE_STDARG_H 1
| #define HAVE_STDLIB_H 1
| #define HAVE_MALLOC 1
| #define HAVE_STDLIB_H 1
| #define HAVE_REALLOC 1
| #define HAVE_FLOOR 1
| #define HAVE_STRDUP 1
| #define HAVE_STRSTR 1
| #define HAVE_STRCHR 1
| #define HAVE_STRRCHR 1
| #define HAVE_STRSTR 1
| #define HAVE_STRTOL 1
| #define HAVE_STRTOUL 1
| #define HAVE_POW 1
| #define HAVE_RINT 1
| #define HAVE_SQRT 1
| #define HAVE_ERAND48 1
| #define HAVE_MEMSET 1
| #define HAVE_MEMMOVE 1
| #define HAVE_ERAND48 1
| #define HAVE_ASPRINTF 1
| #define HAVE_VASPRINTF 1
| #define VRNA_WITH_SVM 1
| #define VRNA_WITH_JSON_SUPPORT 1
| /* end confdefs.h.  */
| 
| /* Override any GCC internal prototype to avoid an error.
|    Use char because int might match the return type of a GCC
|    builtin and then its argument prototype would still apply.  */
| #ifdef __cplusplus
| extern "C"
| #endif
| char gsl_blas_dgemm ();
| int
| main ()
| {
| return gsl_blas_dgemm ();
|   ;
|   return 0;
| }
configure:20954: result: no
configure:20967: WARNING: "Can't find libgsl. Falling back to default implementation."
configure:21032: checking for OpenMP flag of C compiler
configure:21074: gcc -o conftest -g -O2 -fopenmp   conftest.c -lm  >&5
configure:21074: $? = 0
configure:21083: result: -fopenmp
configure:21115: checking for OpenMP flag of C++ compiler
configure:21157: g++ -o conftest -g -O2 -fopenmp   conftest.cpp -lm  >&5
configure:21157: $? = 0
configure:21166: result: -fopenmp
configure:21423: checking whether gcc is Clang
configure:21448: result: no
configure:21571: checking whether pthreads work with -pthread
configure:21665: gcc -o conftest -g -O2 -pthread   conftest.c  -lm  >&5
configure:21665: $? = 0
configure:21674: result: yes
configure:21693: checking for joinable pthread attribute
configure:21711: gcc -o conftest -g -O2 -pthread   conftest.c  -lm  >&5
configure:21711: $? = 0
configure:21719: result: PTHREAD_CREATE_JOINABLE
configure:21733: checking whether more special flags are required for pthreads
configure:21746: result: no
configure:21754: checking for PTHREAD_PRIO_INHERIT
configure:21770: gcc -o conftest -g -O2 -pthread   conftest.c  -lm  >&5
configure:21770: $? = 0
configure:21779: result: yes
configure:22482: checking for ./src/Kinfold/Makefile.am
configure:22485: result: yes
configure:22549: checking for ./src/RNAforester/Makefile.am
configure:22552: result: yes
configure:22755: checking for ./src/RNAlocmin/Makefile.am
configure:22758: result: yes
configure:22832: checking for ./interfaces/Makefile.am
configure:22835: result: yes
configure:22866: checking for swig
configure:22899: result: no
configure:22866: checking for swig2.0
configure:22899: result: no
configure:23019: checking for ./interfaces/Perl/Makefile.am
configure:23022: result: yes
configure:23058: checking for ./interfaces/Perl/RNA_wrap.cpp
configure:23061: result: yes
configure:23073: checking for ./interfaces/Perl/RNA.pm
configure:23076: result: yes
configure:23105: checking for /usr/bin/perl
configure:23135: result: /usr/bin/perl
configure:23153: checking for Perl prefix
configure:23158: result: /usr
configure:23166: checking for Perl siteprefix
configure:23171: result: /usr/local
configure:23179: checking for Perl vendorprefix
configure:23184: result: /usr
configure:23192: checking for Perl extension include path
configure:23197: result: /usr/lib/x86_64-linux-gnu/perl/5.22/CORE
configure:23205: checking for Perl extension target directory
configure:23210: result: /usr/local/lib/x86_64-linux-gnu/perl/5.22.1
configure:23219: checking for architecture dependent Perl extension site target directory
configure:23224: result: /usr/local/lib/x86_64-linux-gnu/perl/5.22.1
configure:23232: checking for architecture dependent Perl extension vendor target directory
configure:23237: result: /usr/lib/x86_64-linux-gnu/perl5/5.22
configure:23245: checking for architecture independent Perl extension site target directory
configure:23250: result: /usr/local/share/perl/5.22.1
configure:23258: checking for architecture independent Perl extension vendor target directory
configure:23263: result: /usr/share/perl5
configure:23271: checking for Perl extensions C preprocessor flags
configure:23276: result: -D_REENTRANT -D_GNU_SOURCE -DDEBIAN -fwrapv -fno-strict-aliasing -pipe -I/usr/local/include
configure:23284: checking for Perl extensions linker flags
configure:23297: result: -shared -L/usr/local/lib -fstack-protector-strong
configure:23305: checking for Perl dynamic library extension
configure:23310: result: .so
configure:23321: checking for perl
configure:23348: result: /usr/bin/perl
configure:23356: checking for perl module ExtUtils::Embed
configure:23360: result: yes
configure:23372: checking for perl ccopts embed flags
configure:23376: result:  -D_REENTRANT -D_GNU_SOURCE -DDEBIAN -fwrapv -fno-strict-aliasing -pipe -I/usr/local/include -D_LARGEFILE_SOURCE -D_FILE_OFFSET_BITS=64  -I/usr/lib/x86_64-linux-gnu/perl/5.22/CORE 
configure:23379: checking for perl ldopts embed flags
configure:23383: result: -Wl,-E  -fstack-protector-strong -L/usr/local/lib  -L/usr/lib/x86_64-linux-gnu/perl/5.22/CORE -lperl -ldl -lm -lpthread -lc -lcrypt
configure:23391: checking consistency of all components of perl development environment
configure:23425: gcc -o conftest -g -O2  -D_REENTRANT -D_GNU_SOURCE -DDEBIAN -fwrapv -fno-strict-aliasing -pipe -I/usr/local/include -D_LARGEFILE_SOURCE -D_FILE_OFFSET_BITS=64  -I/usr/lib/x86_64-linux-gnu/perl/5.22/CORE   -D_REENTRANT -D_GNU_SOURCE -DDEBIAN -fwrapv -fno-strict-aliasing -pipe -I/usr/local/include  conftest.c -lm  -Wl,-E  -fstack-protector-strong -L/usr/local/lib  -L/usr/lib/x86_64-linux-gnu/perl/5.22/CORE -lperl -ldl -lm -lpthread -lc -lcrypt >&5
/usr/bin/ld: cannot find -lperl
collect2: error: ld returned 1 exit status
configure:23425: $? = 1
configure: failed program was:
| /* confdefs.h */
| #define PACKAGE_NAME "ViennaRNA"
| #define PACKAGE_TARNAME "ViennaRNA"
| #define PACKAGE_VERSION "2.4.6"
| #define PACKAGE_STRING "ViennaRNA 2.4.6"
| #define PACKAGE_BUGREPORT "rna@tbi.univie.ac.at"
| #define PACKAGE_URL "http://www.tbi.univie.ac.at/RNA"
| #define STDC_HEADERS 1
| #define HAVE_SYS_TYPES_H 1
| #define HAVE_SYS_STAT_H 1
| #define HAVE_STDLIB_H 1
| #define HAVE_STRING_H 1
| #define HAVE_MEMORY_H 1
| #define HAVE_STRINGS_H 1
| #define HAVE_INTTYPES_H 1
| #define HAVE_STDINT_H 1
| #define HAVE_UNISTD_H 1
| #define __EXTENSIONS__ 1
| #define _ALL_SOURCE 1
| #define _GNU_SOURCE 1
| #define _POSIX_PTHREAD_SEMANTICS 1
| #define _TANDEM_SOURCE 1
| #define PACKAGE "ViennaRNA"
| #define VERSION "2.4.6"
| #define UNUSED __attribute__ ((unused))
| #define HAVE_DLFCN_H 1
| #define LT_OBJDIR ".libs/"
| #define HAVE_LIBM 1
| #define STDC_HEADERS 1
| #define HAVE__BOOL 1
| #define HAVE_STDBOOL_H 1
| #define HAVE_MALLOC_H 1
| #define HAVE_FLOAT_H 1
| #define HAVE_LIMITS_H 1
| #define HAVE_STDLIB_H 1
| #define HAVE_STRING_H 1
| #define HAVE_STRINGS_H 1
| #define HAVE_UNISTD_H 1
| #define HAVE_MATH_H 1
| #define HAVE_STDARG_H 1
| #define HAVE_STDLIB_H 1
| #define HAVE_MALLOC 1
| #define HAVE_STDLIB_H 1
| #define HAVE_REALLOC 1
| #define HAVE_FLOOR 1
| #define HAVE_STRDUP 1
| #define HAVE_STRSTR 1
| #define HAVE_STRCHR 1
| #define HAVE_STRRCHR 1
| #define HAVE_STRSTR 1
| #define HAVE_STRTOL 1
| #define HAVE_STRTOUL 1
| #define HAVE_POW 1
| #define HAVE_RINT 1
| #define HAVE_SQRT 1
| #define HAVE_ERAND48 1
| #define HAVE_MEMSET 1
| #define HAVE_MEMMOVE 1
| #define HAVE_ERAND48 1
| #define HAVE_ASPRINTF 1
| #define HAVE_VASPRINTF 1
| #define VRNA_WITH_SVM 1
| #define VRNA_WITH_JSON_SUPPORT 1
| #define HAVE_OPENMP 1
| #define HAVE_OPENMP 1
| #define HAVE_PTHREAD_PRIO_INHERIT 1
| #define VRNA_WITH_PTHREADS 1
| #define VRNA_WITH_BOUSTROPHEDON 1
| /* end confdefs.h.  */
| 
| 
| #include "EXTERN.h"
| #include "perl.h"
| int
| main ()
| {
| 
| PERL_SYS_TERM();
| 
|   ;
|   return 0;
| }
| 
configure:23444: result: no
configure:23522: checking for ./interfaces/Python/Makefile.am
configure:23525: result: yes
configure:23561: checking for ./interfaces/Python/RNA_wrap.cpp
configure:23564: result: yes
configure:23576: checking for ./interfaces/Python/RNA.py
configure:23579: result: yes
configure:23608: checking for python2
configure:23626: found /usr/bin/python2
configure:23638: result: /usr/bin/python2
configure:23659: checking for python2-config
configure:23677: found /usr/bin/python2-config
configure:23689: result: /usr/bin/python2-config
configure:23717: checking for Python2 include path
configure:23721: result: -I/usr/include/python2.7 -I/usr/include/x86_64-linux-gnu/python2.7
configure:23724: checking for Python2 compile flags
configure:23728: result: -I/usr/include/python2.7 -I/usr/include/x86_64-linux-gnu/python2.7  -fno-strict-aliasing -Wdate-time -D_FORTIFY_SOURCE=2 -g -fstack-protector-strong -Wformat -Werror=format-security  -DNDEBUG -g -fwrapv -O2 -Wall -Wstrict-prototypes
configure:23731: checking for Python2 libs
configure:23735: result: -lpython2.7 -lpthread -ldl  -lutil -lm 
configure:23738: checking for Python2 ldflags
configure:23752: result: -L/usr/lib/python2.7/config-x86_64-linux-gnu -L/usr/lib -lpython2.7 -lpthread -ldl  -lutil -lm  -Xlinker -export-dynamic -Wl,-O1 -Wl,-Bsymbolic-functions
configure:23755: checking for directory to install Python2 scripts in
configure:23764: result: ${prefix}/lib/python2.7/site-packages
configure:23768: checking for directory to install architecture dependent python2 things in
configure:23776: result: ${exec_prefix}/lib/python2.7/site-packages
configure:23780: checking for Python2 module extension
configure:23785: result: .so
configure:23791: checking for ability to link against Python2 library
configure:23819: gcc -o conftest -g -O2 -I/usr/include/python2.7 -I/usr/include/x86_64-linux-gnu/python2.7  -fno-strict-aliasing -Wdate-time -D_FORTIFY_SOURCE=2 -g -fstack-protector-strong -Wformat -Werror=format-security  -DNDEBUG -g -fwrapv -O2 -Wall -Wstrict-prototypes  -I/usr/include/python2.7 -I/usr/include/x86_64-linux-gnu/python2.7  conftest.c -lm  -lpython2.7 -lpthread -ldl  -lutil -lm  >&5
conftest.c:73:1: warning: function declaration isn't a prototype [-Wstrict-prototypes]
 main ()
 ^
configure:23819: $? = 0
configure:23837: result: yes
configure:23916: checking for ./interfaces/Python3/Makefile.am
configure:23919: result: yes
configure:23955: checking for ./interfaces/Python3/RNA_wrap.cpp
configure:23958: result: yes
configure:23970: checking for ./interfaces/Python3/RNA.py
configure:23973: result: yes
configure:24002: checking for python3
configure:24020: found /usr/bin/python3
configure:24032: result: /usr/bin/python3
configure:24053: checking for python3-config
configure:24086: result: no
configure:24053: checking for python36-config
configure:24086: result: no
configure:24053: checking for python3.6-config
configure:24086: result: no
configure:24053: checking for python35-config
configure:24086: result: no
configure:24053: checking for python3.5-config
configure:24086: result: no
configure:24053: checking for python34-config
configure:24086: result: no
configure:24053: checking for python3.4-config
configure:24086: result: no
configure:24053: checking for python33-config
configure:24086: result: no
configure:24053: checking for python3.3-config
configure:24086: result: no
configure:24103: WARNING:
The python3-config program was not found in the search path. Please ensure
that it is installed and its directory is included in the search path.

configure:24442: checking for doxygen
configure:24473: result: no
configure:24483: checking for pdflatex
configure:24501: found /usr/bin/pdflatex
configure:24514: result: /usr/bin/pdflatex
configure:24524: checking for latex
configure:24542: found /usr/bin/latex
configure:24555: result: /usr/bin/latex
configure:24565: checking for dvipdf
configure:24583: found /usr/bin/dvipdf
configure:24596: result: /usr/bin/dvipdf
configure:24606: checking for bibtex
configure:24624: found /usr/bin/bibtex
configure:24637: result: /usr/bin/bibtex
configure:24647: checking for makeindex
configure:24665: found /usr/bin/makeindex
configure:24678: result: /usr/bin/makeindex
configure:24688: checking for dot
configure:24719: result: no
configure:24729: checking for egrep
configure:24747: found /bin/egrep
configure:24760: result: /bin/egrep
configure:24770: checking for perl
configure:24788: found /usr/bin/perl
configure:24801: result: /usr/bin/perl
configure:24964: checking for doc/RNAlib-2.4.6.pdf
configure:24967: result: yes
configure:24983: checking for doc/html/index.html
configure:24986: result: yes
configure:25242: checking for pdflatex
configure:25273: result: /usr/bin/pdflatex
configure:25283: checking for latex
configure:25314: result: /usr/bin/latex
configure:25324: checking for dvipdf
configure:25355: result: /usr/bin/dvipdf
configure:25365: checking for htlatex
configure:25383: found /usr/bin/htlatex
configure:25396: result: /usr/bin/htlatex
configure:25735: checking for CHECK
configure:25742: $PKG_CONFIG --exists --print-errors "check >= 0.9.4"
Package check was not found in the pkg-config search path.
Perhaps you should add the directory containing `check.pc'
to the PKG_CONFIG_PATH environment variable
No package 'check' found
configure:25745: $? = 1
configure:25759: $PKG_CONFIG --exists --print-errors "check >= 0.9.4"
Package check was not found in the pkg-config search path.
Perhaps you should add the directory containing `check.pc'
to the PKG_CONFIG_PATH environment variable
No package 'check' found
configure:25762: $? = 1
configure:25776: result: no
No package 'check' found
configure:25793: WARNING: check not found -- will not build C-library Unit tests
configure:25834: checking for diff
configure:25852: found /usr/bin/diff
configure:25864: result: /usr/bin/diff
configure:26130: checking that generated files are newer than configure
configure:26136: result: done
configure:26287: creating ./config.status

## ---------------------- ##
## Running config.status. ##
## ---------------------- ##

This file was extended by ViennaRNA config.status 2.4.6, which was
generated by GNU Autoconf 2.69.  Invocation command line was

  CONFIG_FILES    = 
  CONFIG_HEADERS  = 
  CONFIG_LINKS    = 
  CONFIG_COMMANDS = 
  $ ./config.status 

on olya-GL552VX

config.status:1432: creating packaging/macosx/Makefile
config.status:1432: creating packaging/macosx/Distribution.xml
config.status:1432: creating packaging/macosx/resources/welcome.txt
config.status:1432: creating interfaces/Python/Makefile
config.status:1432: creating interfaces/Python/version.i
config.status:1432: creating interfaces/Python3/Makefile
config.status:1432: creating interfaces/Python3/version.i
config.status:1432: creating tests/Makefile
config.status:1432: creating tests/RNApath.py
config.status:1432: creating tests/RNAHelpers.pm
config.status:1432: creating tests/test-env.sh
config.status:1432: creating src/ViennaRNA/vrna_config.h
config.status:1432: creating misc/Makefile
config.status:1432: creating interfaces/Makefile
config.status:1432: creating Makefile
config.status:1432: creating RNAlib2.pc
config.status:1432: creating src/Utils/Makefile
config.status:1432: creating src/bin/Makefile
config.status:1432: creating src/Makefile
config.status:1432: creating src/ViennaRNA/Makefile
config.status:1432: creating man/Makefile
config.status:1432: creating doc/Makefile
config.status:1432: creating RNA-Tutorial/Makefile
config.status:1432: creating man/cmdlopt.sh
config.status:1432: creating packaging/viennarna.spec
config.status:1432: creating packaging/PKGBUILD
config.status:1432: creating packaging/win_installer_archlinux_i686.nsi
config.status:1432: creating packaging/win_installer_archlinux_x86_64.nsi
config.status:1432: creating packaging/win_installer_fedora_i686.nsi
config.status:1432: creating packaging/win_installer_fedora_x86_64.nsi
config.status:1432: creating config.h
config.status:1661: executing depfiles commands
config.status:1661: executing libtool commands
configure:28796: === configuring in src/Kinfold (/home/olya/SRW/ViennaRNA-2.4.6/src/Kinfold)
configure:28859: running /bin/bash ./configure --disable-option-checking '--prefix=/usr/local'  'CC=gcc' 'CXX=g++' 'CFLAGS=-g -O2' 'CXXFLAGS=-g -O2' 'AR=gcc-ar' 'RANLIB=gcc-ranlib' 'NM=gcc-nm' 'VRNA_CFLAGS=-I$(top_srcdir)/../../src/ViennaRNA -I$(top_srcdir)/../../src' 'VRNA_LIBS=-fno-strict-aliasing -flto -L$(top_builddir)/../../src/ViennaRNA -lRNA -fopenmp' --cache-file=/dev/null --srcdir=.
configure:28796: === configuring in src/RNAforester (/home/olya/SRW/ViennaRNA-2.4.6/src/RNAforester)
configure:28859: running /bin/bash ./configure --disable-option-checking '--prefix=/usr/local'  'CC=gcc' 'CXX=g++' 'CFLAGS=-g -O2' 'CXXFLAGS=-g -O2' 'AR=gcc-ar' 'RANLIB=gcc-ranlib' 'NM=gcc-nm' 'VRNA_CFLAGS=-I$(top_srcdir)/../../src/ViennaRNA -I$(top_srcdir)/../../src' 'VRNA_LIBS=-fno-strict-aliasing -flto -L$(top_builddir)/../../src/ViennaRNA -lRNA -fopenmp' --cache-file=/dev/null --srcdir=.
configure:28796: === configuring in src/RNAlocmin (/home/olya/SRW/ViennaRNA-2.4.6/src/RNAlocmin)
configure:28859: running /bin/bash ./configure --disable-option-checking '--prefix=/usr/local'  'CC=gcc' 'CXX=g++' 'CFLAGS=-g -O2' 'CXXFLAGS=-g -O2' 'AR=gcc-ar' 'RANLIB=gcc-ranlib' 'NM=gcc-nm' 'VRNA_CFLAGS=-I$(top_srcdir)/../../src/ViennaRNA -I$(top_srcdir)/../../src' 'VRNA_LIBS=-fno-strict-aliasing -flto -L$(top_builddir)/../../src/ViennaRNA -lRNA -fopenmp' --cache-file=/dev/null --srcdir=.
configure:29458:

################################################
#         ViennaRNA Package 2.4.6             ##
#                                             ##
# configured successfully with the following  ##
# options:                                    ##
################################################


  * Extra Programs:

    ( Kinfold, RNAforester, RNAlocmin )

  * Other Options:

    ( SVM, JSON, Boustrophedon, OpenMP, Pthread, LTO, C11, Color )

  * RNAlib Scripting Language Interfaces:

    ( Python 2 )

  * RNAlib Documentation:

    ( PDF, HTML )

  * Tutorial:

    ( PDF )

  * Unit Tests will be performed for:

    ( Python 2 )


##############################################
# Files will be installed in the following  ##
# directories:                              ##
##############################################

  Executables:        /usr/local/bin
  Libraries:          /usr/local/lib
  Header files:       /usr/local/include
  Extra Data:         /usr/local/share
  Man pages:          /usr/local/share/man
  Documentation:      /usr/local/share/doc/ViennaRNA
    (HTML):           /usr/local/share/doc/ViennaRNA/html
    (PDF):            /usr/local/share/doc/ViennaRNA
  Perl5 Interface:    Not to be installed
    (binaries):       
    (scripts):        
  Python2 Interface:  
    (binaries):       /usr/local/lib/python2.7/site-packages
    (scripts):        /usr/local/lib/python2.7/site-packages
  Python3 Interface:  Not to be installed python3-config missing
    (binaries):       
    (scripts):        


## ---------------- ##
## Cache variables. ##
## ---------------- ##

ac_cv_build=x86_64-unknown-linux-gnu
ac_cv_c_compiler_gnu=yes
ac_cv_c_const=yes
ac_cv_c_inline=inline
ac_cv_cxx_compiler_gnu=yes
ac_cv_env_CCC_set=
ac_cv_env_CCC_value=
ac_cv_env_CC_set=
ac_cv_env_CC_value=
ac_cv_env_CFLAGS_set=
ac_cv_env_CFLAGS_value=
ac_cv_env_CHECK_CFLAGS_set=
ac_cv_env_CHECK_CFLAGS_value=
ac_cv_env_CHECK_LIBS_set=
ac_cv_env_CHECK_LIBS_value=
ac_cv_env_CPPFLAGS_set=
ac_cv_env_CPPFLAGS_value=
ac_cv_env_CPP_set=
ac_cv_env_CPP_value=
ac_cv_env_CXXCPP_set=
ac_cv_env_CXXCPP_value=
ac_cv_env_CXXFLAGS_set=
ac_cv_env_CXXFLAGS_value=
ac_cv_env_CXX_set=
ac_cv_env_CXX_value=
ac_cv_env_DIFF_set=
ac_cv_env_DIFF_value=
ac_cv_env_LDFLAGS_set=
ac_cv_env_LDFLAGS_value=
ac_cv_env_LIBS_set=
ac_cv_env_LIBS_value=
ac_cv_env_LT_SYS_LIBRARY_PATH_set=
ac_cv_env_LT_SYS_LIBRARY_PATH_value=
ac_cv_env_PERL_EXT_CPPFLAGS_set=
ac_cv_env_PERL_EXT_CPPFLAGS_value=
ac_cv_env_PERL_EXT_INC_set=
ac_cv_env_PERL_EXT_INC_value=
ac_cv_env_PERL_EXT_LDFLAGS_set=
ac_cv_env_PERL_EXT_LDFLAGS_value=
ac_cv_env_PERL_EXT_LIB_set=
ac_cv_env_PERL_EXT_LIB_value=
ac_cv_env_PERL_EXT_PREFIX_set=
ac_cv_env_PERL_EXT_PREFIX_value=
ac_cv_env_PERL_EXT_SITEARCH_set=
ac_cv_env_PERL_EXT_SITEARCH_value=
ac_cv_env_PERL_EXT_SITELIB_set=
ac_cv_env_PERL_EXT_SITELIB_value=
ac_cv_env_PERL_EXT_SITEPREFIX_set=
ac_cv_env_PERL_EXT_SITEPREFIX_value=
ac_cv_env_PERL_EXT_VENDORARCH_set=
ac_cv_env_PERL_EXT_VENDORARCH_value=
ac_cv_env_PERL_EXT_VENDORLIB_set=
ac_cv_env_PERL_EXT_VENDORLIB_value=
ac_cv_env_PERL_EXT_VENDORPREFIX_set=
ac_cv_env_PERL_EXT_VENDORPREFIX_value=
ac_cv_env_PERL_SO_set=
ac_cv_env_PERL_SO_value=
ac_cv_env_PERL_set=
ac_cv_env_PERL_value=
ac_cv_env_PKG_CONFIG_LIBDIR_set=
ac_cv_env_PKG_CONFIG_LIBDIR_value=
ac_cv_env_PKG_CONFIG_PATH_set=
ac_cv_env_PKG_CONFIG_PATH_value=
ac_cv_env_PKG_CONFIG_set=
ac_cv_env_PKG_CONFIG_value=
ac_cv_env_PYTHON2_CONFIG_set=
ac_cv_env_PYTHON2_CONFIG_value=
ac_cv_env_PYTHON2_DIR_set=
ac_cv_env_PYTHON2_DIR_value=
ac_cv_env_PYTHON2_EXECDIR_set=
ac_cv_env_PYTHON2_EXECDIR_value=
ac_cv_env_PYTHON2_set=
ac_cv_env_PYTHON2_value=
ac_cv_env_PYTHON3_CONFIG_set=
ac_cv_env_PYTHON3_CONFIG_value=
ac_cv_env_PYTHON3_DIR_set=
ac_cv_env_PYTHON3_DIR_value=
ac_cv_env_PYTHON3_EXECDIR_set=
ac_cv_env_PYTHON3_EXECDIR_value=
ac_cv_env_PYTHON3_set=
ac_cv_env_PYTHON3_value=
ac_cv_env_USER_AR_set=
ac_cv_env_USER_AR_value=
ac_cv_env_USER_NM_set=
ac_cv_env_USER_NM_value=
ac_cv_env_USER_RANLIB_set=
ac_cv_env_USER_RANLIB_value=
ac_cv_env_build_alias_set=
ac_cv_env_build_alias_value=
ac_cv_env_host_alias_set=
ac_cv_env_host_alias_value=
ac_cv_env_target_alias_set=
ac_cv_env_target_alias_value=
ac_cv_func_asprintf=yes
ac_cv_func_erand48=yes
ac_cv_func_floor=yes
ac_cv_func_malloc_0_nonnull=yes
ac_cv_func_memmove=yes
ac_cv_func_memset=yes
ac_cv_func_pow=yes
ac_cv_func_realloc_0_nonnull=yes
ac_cv_func_rint=yes
ac_cv_func_sqrt=yes
ac_cv_func_strchr=yes
ac_cv_func_strdup=yes
ac_cv_func_strrchr=yes
ac_cv_func_strstr=yes
ac_cv_func_strtod=yes
ac_cv_func_strtol=yes
ac_cv_func_strtoul=yes
ac_cv_func_vasprintf=yes
ac_cv_header_dlfcn_h=yes
ac_cv_header_float_h=yes
ac_cv_header_inttypes_h=yes
ac_cv_header_limits_h=yes
ac_cv_header_malloc_h=yes
ac_cv_header_math_h=yes
ac_cv_header_memory_h=yes
ac_cv_header_minix_config_h=no
ac_cv_header_stdarg_h=yes
ac_cv_header_stdbool_h=yes
ac_cv_header_stdc=yes
ac_cv_header_stdint_h=yes
ac_cv_header_stdlib_h=yes
ac_cv_header_string_h=yes
ac_cv_header_strings_h=yes
ac_cv_header_sys_stat_h=yes
ac_cv_header_sys_types_h=yes
ac_cv_header_unistd_h=yes
ac_cv_host=x86_64-unknown-linux-gnu
ac_cv_lib_gsl_gsl_blas_dgemm=no
ac_cv_lib_gslcblas_cblas_dgemm=no
ac_cv_lib_m_exp=yes
ac_cv_objext=o
ac_cv_path_DIFF=/usr/bin/diff
ac_cv_path_EGREP='/bin/grep -E'
ac_cv_path_FGREP='/bin/grep -F'
ac_cv_path_GREP=/bin/grep
ac_cv_path_PERL=/usr/bin/perl
ac_cv_path_PYTHON2=/usr/bin/python2
ac_cv_path_PYTHON2_CONFIG=/usr/bin/python2-config
ac_cv_path_PYTHON3=/usr/bin/python3
ac_cv_path_SED=/bin/sed
ac_cv_path_ac_pt_PKG_CONFIG=/usr/bin/pkg-config
ac_cv_path_bibtex=/usr/bin/bibtex
ac_cv_path_dot=no
ac_cv_path_doxygen=no
ac_cv_path_dvipdf=/usr/bin/dvipdf
ac_cv_path_egrep=/bin/egrep
ac_cv_path_htlatex=/usr/bin/htlatex
ac_cv_path_install='/usr/bin/install -c'
ac_cv_path_latex=/usr/bin/latex
ac_cv_path_lt_DD=/bin/dd
ac_cv_path_makeindex=/usr/bin/makeindex
ac_cv_path_mkdir=/bin/mkdir
ac_cv_path_pdflatex=/usr/bin/pdflatex
ac_cv_path_perl=/usr/bin/perl
ac_cv_prog_AWK=mawk
ac_cv_prog_CPP='gcc -E'
ac_cv_prog_CXXCPP='g++ -E'
ac_cv_prog_PERL=/usr/bin/perl
ac_cv_prog_ac_ct_AR=ar
ac_cv_prog_ac_ct_CC=gcc
ac_cv_prog_ac_ct_CXX=g++
ac_cv_prog_ac_ct_MANIFEST_TOOL=mt
ac_cv_prog_ac_ct_OBJDUMP=objdump
ac_cv_prog_ac_ct_OUR_AR=gcc-ar
ac_cv_prog_ac_ct_OUR_NM=gcc-nm
ac_cv_prog_ac_ct_OUR_RANLIB=gcc-ranlib
ac_cv_prog_ac_ct_RANLIB=ranlib
ac_cv_prog_ac_ct_STRIP=strip
ac_cv_prog_cc_c89=
ac_cv_prog_cc_c99=
ac_cv_prog_cc_g=yes
ac_cv_prog_cxx_g=yes
ac_cv_prog_make_make_set=yes
ac_cv_safe_to_define___extensions__=yes
ac_cv_type__Bool=yes
ac_cv_type_size_t=yes
am_cv_CC_dependencies_compiler_type=gcc3
am_cv_CXX_dependencies_compiler_type=gcc3
am_cv_ar_interface=ar
am_cv_make_support_nested_variables=yes
am_cv_prog_cc_c_o=yes
ax_cv_PTHREAD_CLANG=no
ax_cv_PTHREAD_JOINABLE_ATTR=PTHREAD_CREATE_JOINABLE
ax_cv_PTHREAD_PRIO_INHERIT=yes
ax_cv_PTHREAD_SPECIAL_FLAGS=no
ax_cv_c_compiler_vendor=gnu
ax_cv_c_openmp=-fopenmp
ax_cv_check_cflags___ffat_lto_objects=yes
ax_cv_check_cflags___flto=yes
ax_cv_check_cflags___fno_strict_aliasing=yes
ax_cv_check_cxxflags___ffat_lto_objects=yes
ax_cv_check_cxxflags___flto=yes
ax_cv_check_cxxflags___fno_strict_aliasing=yes
ax_cv_check_ldflags___fno_strict_aliasing=yes
ax_cv_cxx_openmp=-fopenmp
lt_cv_ar_at_file=@
lt_cv_archive_cmds_need_lc=no
lt_cv_deplibs_check_method=pass_all
lt_cv_file_magic_cmd='$MAGIC_CMD'
lt_cv_file_magic_test_file=
lt_cv_ld_reload_flag=-r
lt_cv_nm_interface='BSD nm'
lt_cv_objdir=.libs
lt_cv_path_LD=/usr/bin/ld
lt_cv_path_LDCXX='/usr/bin/ld -m elf_x86_64'
lt_cv_path_NM='/usr/bin/nm -B'
lt_cv_path_mainfest_tool=no
lt_cv_prog_compiler_c_o=yes
lt_cv_prog_compiler_c_o_CXX=yes
lt_cv_prog_compiler_pic='-fPIC -DPIC'
lt_cv_prog_compiler_pic_CXX='-fPIC -DPIC'
lt_cv_prog_compiler_pic_works=yes
lt_cv_prog_compiler_pic_works_CXX=yes
lt_cv_prog_compiler_rtti_exceptions=no
lt_cv_prog_compiler_static_works=yes
lt_cv_prog_compiler_static_works_CXX=yes
lt_cv_prog_gnu_ld=yes
lt_cv_prog_gnu_ldcxx=yes
lt_cv_sharedlib_from_linklib_cmd='printf %s\n'
lt_cv_shlibpath_overrides_runpath=no
lt_cv_sys_global_symbol_pipe='sed -n -e '\''s/^.*[	 ]\([ABCDGIRSTW][ABCDGIRSTW]*\)[	 ][	 ]*\([_A-Za-z][_A-Za-z0-9]*\)$/\1 \2 \2/p'\'' | sed '\''/ __gnu_lto/d'\'''
lt_cv_sys_global_symbol_to_c_name_address='sed -n -e '\''s/^: \(.*\) .*$/  {"\1", (void *) 0},/p'\'' -e '\''s/^[ABCDGIRSTW][ABCDGIRSTW]* .* \(.*\)$/  {"\1", (void *) \&\1},/p'\'''
lt_cv_sys_global_symbol_to_c_name_address_lib_prefix='sed -n -e '\''s/^: \(.*\) .*$/  {"\1", (void *) 0},/p'\'' -e '\''s/^[ABCDGIRSTW][ABCDGIRSTW]* .* \(lib.*\)$/  {"\1", (void *) \&\1},/p'\'' -e '\''s/^[ABCDGIRSTW][ABCDGIRSTW]* .* \(.*\)$/  {"lib\1", (void *) \&\1},/p'\'''
lt_cv_sys_global_symbol_to_cdecl='sed -n -e '\''s/^T .* \(.*\)$/extern int \1();/p'\'' -e '\''s/^[ABCDGIRSTW][ABCDGIRSTW]* .* \(.*\)$/extern char \1;/p'\'''
lt_cv_sys_global_symbol_to_import=
lt_cv_sys_max_cmd_len=1572864
lt_cv_to_host_file_cmd=func_convert_file_noop
lt_cv_to_tool_file_cmd=func_convert_file_noop
lt_cv_truncate_bin='/bin/dd bs=4096 count=1'

## ----------------- ##
## Output variables. ##
## ----------------- ##

ACLOCAL='${SHELL} /home/olya/SRW/ViennaRNA-2.4.6/config/missing aclocal-1.15'
AMDEPBACKSLASH='\'
AMDEP_FALSE='#'
AMDEP_TRUE=''
AMTAR='$${TAR-tar}'
AM_BACKSLASH='\'
AM_CFLAGS=''
AM_CPPFLAGS=''
AM_CXXFLAGS=''
AM_DEFAULT_V='$(AM_DEFAULT_VERBOSITY)'
AM_DEFAULT_VERBOSITY='0'
AM_LDFLAGS=''
AM_V='$(V)'
AR='gcc-ar'
AUTOCONF='${SHELL} /home/olya/SRW/ViennaRNA-2.4.6/config/missing autoconf'
AUTOHEADER='${SHELL} /home/olya/SRW/ViennaRNA-2.4.6/config/missing autoheader'
AUTOMAKE='${SHELL} /home/olya/SRW/ViennaRNA-2.4.6/config/missing automake-1.15'
AWK='mawk'
CC='gcc'
CCDEPMODE='depmode=gcc3'
CFLAGS='-g -O2'
CHECK_CFLAGS=''
CHECK_LIBS=''
CLUSTER_DIR=''
CONFIG_BOUSTROPHEDON='#define VRNA_WITH_BOUSTROPHEDON'
CONFIG_DISABLE_C11_FEATURES=''
CONFIG_FLOAT_PF=''
CONFIG_GSL=''
CONFIG_JSON='#define VRNA_WITH_JSON_SUPPORT'
CONFIG_LTO='#define VRNA_WITH_LTO'
CONFIG_OPENMP='#define VRNA_WITH_OPENMP'
CONFIG_SSE_IMPLEMENTATION=''
CONFIG_SVM='#define VRNA_WITH_SVM'
CONFIG_TTY_COLORS=''
CPP='gcc -E'
CPPFLAGS=''
CXX='g++'
CXXCPP='g++ -E'
CXXDEPMODE='depmode=gcc3'
CXXFLAGS='-g -O2'
CYGPATH_W='echo'
DEFS='-DHAVE_CONFIG_H'
DEPDIR='.deps'
DEPRECATION_WARNING=''
DIFF='/usr/bin/diff'
DISABLE_C11_FEATURES=''
DLLTOOL='false'
DOXYGEN_CMD_BIBTEX=''
DOXYGEN_CMD_DVIPDF=''
DOXYGEN_CMD_LATEX=''
DOXYGEN_CMD_MAKEINDEX=''
DOXYGEN_CONF='doxygen.conf'
DOXYGEN_DOCDIR='doc'
DOXYGEN_GENERATE_HTML=''
DOXYGEN_GENERATE_LATEX=''
DOXYGEN_HAVE_DOT=''
DOXYGEN_PROJECT_NAME='RNAlib-2.4.6'
DOXYGEN_SRCDIR='.'
DOXYGEN_WITH_PDFLATEX=''
DSYMUTIL=''
DUMPBIN=''
ECHO_C=''
ECHO_N='-n'
ECHO_T=''
EGREP='/bin/grep -E'
EXEEXT=''
FGREP='/bin/grep -F'
FLOAT_PF_FLAG=''
GREP='/bin/grep'
GSL_LIBS=''
HAS_SWIG_FALSE=''
HAS_SWIG_TRUE='#'
HDIUTIL=''
INSTALL_DATA='${INSTALL} -m 644'
INSTALL_PROGRAM='${INSTALL}'
INSTALL_SCRIPT='${INSTALL}'
INSTALL_STRIP_PROGRAM='$(install_sh) -c -s'
ISODATE='2018-05-09'
LD='/usr/bin/ld -m elf_x86_64'
LDFLAGS=''
LIBGOMPFLAG='-fopenmp'
LIBOBJS=''
LIBS='-lm '
LIBSVM_DIR='libsvm-3.22'
LIBTOOL='$(SHELL) $(top_builddir)/libtool'
LIBTOOL_DEPS='config/ltmain.sh'
LIPO=''
LN_S='ln -s'
LTLIBOBJS=''
LTO_CFLAGS='-flto -ffat-lto-objects'
LTO_CXXFLAGS='-flto -ffat-lto-objects'
LTO_LDFLAGS='-flto'
LT_SYS_LIBRARY_PATH=''
MACOSX_INSTALLER=''
MAKEINFO='${SHELL} /home/olya/SRW/ViennaRNA-2.4.6/config/missing makeinfo'
MAKE_CLUSTER_FALSE=''
MAKE_CLUSTER_TRUE='#'
MAKE_FORESTER_FALSE='#'
MAKE_FORESTER_TRUE=''
MAKE_KINFOLD_FALSE='#'
MAKE_KINFOLD_TRUE=''
MAKE_RNALOCMIN_FALSE='#'
MAKE_RNALOCMIN_TRUE=''
MANIFEST_TOOL=':'
MKDIR_P='/bin/mkdir -p'
NM='gcc-nm'
NMEDIT=''
OBJDUMP='objdump'
OBJEXT='o'
OPENMP_CFLAGS='-fopenmp'
OPENMP_CXXFLAGS='-fopenmp'
OTOOL64=''
OTOOL=''
OUR_AR='gcc-ar'
OUR_NM='gcc-nm'
OUR_RANLIB='gcc-ranlib'
PACKAGE='ViennaRNA'
PACKAGE_BUGREPORT='rna@tbi.univie.ac.at'
PACKAGE_NAME='ViennaRNA'
PACKAGE_STRING='ViennaRNA 2.4.6'
PACKAGE_TARNAME='ViennaRNA'
PACKAGE_URL='http://www.tbi.univie.ac.at/RNA'
PACKAGE_VERSION='2.4.6'
PATH_SEPARATOR=':'
PERL='/usr/bin/perl'
PERLXS_CFLAGS=' -D_REENTRANT -D_GNU_SOURCE -DDEBIAN -fwrapv -fno-strict-aliasing -pipe -I/usr/local/include -D_LARGEFILE_SOURCE -D_FILE_OFFSET_BITS=64  -I/usr/lib/x86_64-linux-gnu/perl/5.22/CORE '
PERLXS_LDFLAGS='-Wl,-E  -fstack-protector-strong -L/usr/local/lib  -L/usr/lib/x86_64-linux-gnu/perl/5.22/CORE -lperl -ldl -lm -lpthread -lc -lcrypt'
PERL_ARCH_RELATIVE_INSTALL_DIR=''
PERL_EXT_CPPFLAGS='-D_REENTRANT -D_GNU_SOURCE -DDEBIAN -fwrapv -fno-strict-aliasing -pipe -I/usr/local/include'
PERL_EXT_INC='/usr/lib/x86_64-linux-gnu/perl/5.22/CORE'
PERL_EXT_LDFLAGS='-shared -L/usr/local/lib -fstack-protector-strong'
PERL_EXT_LIB='/usr/local/lib/x86_64-linux-gnu/perl/5.22.1'
PERL_EXT_PREFIX='/usr'
PERL_EXT_SITEARCH='/usr/local/lib/x86_64-linux-gnu/perl/5.22.1'
PERL_EXT_SITELIB='/usr/local/share/perl/5.22.1'
PERL_EXT_SITEPREFIX='/usr/local'
PERL_EXT_VENDORARCH='/usr/lib/x86_64-linux-gnu/perl5/5.22'
PERL_EXT_VENDORLIB='/usr/share/perl5'
PERL_EXT_VENDORPREFIX='/usr'
PERL_INTERFACE=''
PERL_LIB_RELATIVE_INSTALL_DIR=''
PERL_SO='.so'
PKGBUILD=''
PKGPYEXEC2DIR=''
PKGPYTHON2DIR=''
PKG_CONFIG='/usr/bin/pkg-config'
PKG_CONFIG_LIBDIR=''
PKG_CONFIG_PATH=''
POW_LIB=''
PRODUCTBUILD=''
PTHREAD_CC='gcc'
PTHREAD_CFLAGS='-pthread'
PTHREAD_LIBS=''
PYEXEC2DIR='${exec_prefix}/lib/python2.7/site-packages'
PYTHON2='/usr/bin/python2'
PYTHON2DIR='${prefix}/lib/python2.7/site-packages'
PYTHON2_CFLAGS='-I/usr/include/python2.7 -I/usr/include/x86_64-linux-gnu/python2.7  -fno-strict-aliasing -Wdate-time -D_FORTIFY_SOURCE=2 -g -fstack-protector-strong -Wformat -Werror=format-security  -DNDEBUG -g -fwrapv -O2 -Wall -Wstrict-prototypes'
PYTHON2_CONFIG='/usr/bin/python2-config'
PYTHON2_DIR='${prefix}/lib/python2.7/site-packages'
PYTHON2_EXECDIR='${exec_prefix}/lib/python2.7/site-packages'
PYTHON2_INCLUDES='-I/usr/include/python2.7 -I/usr/include/x86_64-linux-gnu/python2.7'
PYTHON2_INTERFACE='Python'
PYTHON2_LDFLAGS='-L/usr/lib/python2.7/config-x86_64-linux-gnu -L/usr/lib -lpython2.7 -lpthread -ldl  -lutil -lm  -Xlinker -export-dynamic -Wl,-O1 -Wl,-Bsymbolic-functions'
PYTHON2_LIBS='-lpython2.7 -lpthread -ldl  -lutil -lm '
PYTHON2_SO='.so'
PYTHON3='/usr/bin/python3'
PYTHON3_CACHE_OPT1_EXT=''
PYTHON3_CACHE_TAG=''
PYTHON3_CFLAGS=''
PYTHON3_CONFIG='no'
PYTHON3_DIR=''
PYTHON3_EXECDIR=''
PYTHON3_INCLUDES=''
PYTHON3_INTERFACE=''
PYTHON3_LDFLAGS=''
PYTHON3_LIBS=''
PYTHON3_SO=''
RANLIB='gcc-ranlib'
REFDOC_PREDEF_FLOAT_PF=''
REFDOC_PREDEF_JSON='VRNA_WITH_JSON_SUPPORT'
REFDOC_PREDEF_SVM='VRNA_WITH_SVM'
REFERENCE_MANUAL_PDF_NAME='RNAlib-2.4.6.pdf'
REFERENCE_MANUAL_TAGFILE='RNAlib-2.4.6.tag'
RNA_CFLAGS='-fno-strict-aliasing -flto -ffat-lto-objects -fopenmp'
RNA_CPPFLAGS=''
RNA_CXXFLAGS='-fno-strict-aliasing -flto -ffat-lto-objects -fopenmp'
RNA_LDFLAGS='-fno-strict-aliasing -flto'
SED='/bin/sed'
SET_MAKE=''
SHELL='/bin/bash'
SIMD_CFLAGS=''
STRIP='strip'
SWIG=''
SWIG_LIB=''
TUTORIAL_CMD_DVIPDF='/usr/bin/dvipdf'
TUTORIAL_CMD_HTLATEX=''
TUTORIAL_CMD_LATEX='/usr/bin/pdflatex'
TUTORIAL_DOCDIR='RNA-Tutorial'
TUTORIAL_PDF_NAME='RNA-tutorial-2.4.6.pdf'
TUTORIAL_PROJECT_NAME='RNA-tutorial-2.4.6'
TUTORIAL_SRCDIR='.'
USER_AR=''
USER_NM=''
USER_RANLIB=''
VERSION='2.4.6'
VRNA_AM_SWITCH_GSL_FALSE=''
VRNA_AM_SWITCH_GSL_TRUE='#'
VRNA_AM_SWITCH_JSON_FALSE='#'
VRNA_AM_SWITCH_JSON_TRUE=''
VRNA_AM_SWITCH_LTO_FALSE='#'
VRNA_AM_SWITCH_LTO_TRUE=''
VRNA_AM_SWITCH_PTHREADS_FALSE='#'
VRNA_AM_SWITCH_PTHREADS_TRUE=''
VRNA_AM_SWITCH_STATIC_EXECUTABLES_FALSE=''
VRNA_AM_SWITCH_STATIC_EXECUTABLES_TRUE='#'
VRNA_AM_SWITCH_SVM_FALSE='#'
VRNA_AM_SWITCH_SVM_TRUE=''
VRNA_CFLAGS=' -I$(top_srcdir)/../../src/ViennaRNA -I$(top_srcdir)/../../src '
VRNA_LIBS=' -fno-strict-aliasing -flto -L$(top_builddir)/../../src/ViennaRNA -lRNA -fopenmp'
VRNA_VERSION_MAJOR='2'
VRNA_VERSION_MINOR='4'
VRNA_VERSION_PATCH='6'
WITH_CHECK_FALSE=''
WITH_CHECK_TRUE='#'
WITH_EXECUTABLE_TESTS_FALSE='#'
WITH_EXECUTABLE_TESTS_TRUE=''
WITH_MACOSX_INSTALLER_FALSE=''
WITH_MACOSX_INSTALLER_TRUE='#'
WITH_PERL_TESTS_FALSE=''
WITH_PERL_TESTS_TRUE='#'
WITH_PYTHON3_TESTS_FALSE=''
WITH_PYTHON3_TESTS_TRUE='#'
WITH_PYTHON_TESTS_FALSE='#'
WITH_PYTHON_TESTS_TRUE=''
WITH_REFERENCE_MANUAL_BUILD_FALSE=''
WITH_REFERENCE_MANUAL_BUILD_TRUE='#'
WITH_REFERENCE_MANUAL_FALSE='#'
WITH_REFERENCE_MANUAL_HTML_FALSE='#'
WITH_REFERENCE_MANUAL_HTML_TRUE=''
WITH_REFERENCE_MANUAL_PDFLATEX_FALSE='#'
WITH_REFERENCE_MANUAL_PDFLATEX_TRUE=''
WITH_REFERENCE_MANUAL_PDF_FALSE='#'
WITH_REFERENCE_MANUAL_PDF_TRUE=''
WITH_REFERENCE_MANUAL_TRUE=''
WITH_TUTORIAL_BUILD_FALSE='#'
WITH_TUTORIAL_BUILD_TRUE=''
WITH_TUTORIAL_FALSE='#'
WITH_TUTORIAL_HTML_FALSE=''
WITH_TUTORIAL_HTML_TRUE='#'
WITH_TUTORIAL_PDFLATEX_FALSE='#'
WITH_TUTORIAL_PDFLATEX_TRUE=''
WITH_TUTORIAL_PDF_FALSE='#'
WITH_TUTORIAL_PDF_TRUE=''
WITH_TUTORIAL_TRUE=''
WITH_UNIT_TESTS_FALSE='#'
WITH_UNIT_TESTS_TRUE=''
_latex_cmd='/usr/bin/pdflatex'
ac_ct_AR='ar'
ac_ct_CC='gcc'
ac_ct_CXX='g++'
ac_ct_DUMPBIN=''
am__EXEEXT_FALSE=''
am__EXEEXT_TRUE='#'
am__fastdepCC_FALSE='#'
am__fastdepCC_TRUE=''
am__fastdepCXX_FALSE='#'
am__fastdepCXX_TRUE=''
am__include='include'
am__isrc=''
am__leading_dot='.'
am__nodep='_no'
am__quote=''
am__tar='$${TAR-tar} chof - "$$tardir"'
am__untar='$${TAR-tar} xf -'
ax_pthread_config=''
bibtex='/usr/bin/bibtex'
bindir='${exec_prefix}/bin'
build='x86_64-unknown-linux-gnu'
build_alias=''
build_cpu='x86_64'
build_os='linux-gnu'
build_vendor='unknown'
datadir='${datarootdir}'
datarootdir='${prefix}/share'
docdir='${datarootdir}/doc/${PACKAGE_TARNAME}'
dot='no'
doxygen='no'
dvidir='${docdir}'
dvipdf='/usr/bin/dvipdf'
egrep='/bin/egrep'
exec_prefix='${prefix}'
host='x86_64-unknown-linux-gnu'
host_alias=''
host_cpu='x86_64'
host_os='linux-gnu'
host_vendor='unknown'
htlatex='/usr/bin/htlatex'
htmldir='${datarootdir}/doc/${PACKAGE_TARNAME}/html'
includedir='${prefix}/include'
infodir='${datarootdir}/info'
install_sh='${SHELL} /home/olya/SRW/ViennaRNA-2.4.6/config/install-sh'
latex='/usr/bin/latex'
libdir='${exec_prefix}/lib'
libexecdir='${exec_prefix}/libexec'
localedir='${datarootdir}/locale'
localstatedir='${prefix}/var'
makeindex='/usr/bin/makeindex'
mandir='${datarootdir}/man'
mkdir_p='$(MKDIR_P)'
oldincludedir='/usr/include'
pdfdir='${docdir}'
pdflatex='/usr/bin/pdflatex'
perl='/usr/bin/perl'
prefix='/usr/local'
program_transform_name='s,x,x,'
psdir='${docdir}'
py2execdir='${exec_prefix}/lib/python2.7/site-packages'
py3execdir=''
python2dir='${prefix}/lib/python2.7/site-packages'
python3dir=''
sbindir='${exec_prefix}/sbin'
sharedstatedir='${prefix}/com'
subdirs=' src/Kinfold src/RNAforester src/RNAlocmin'
sysconfdir='${prefix}/etc'
target_alias=''

## ----------- ##
## confdefs.h. ##
## ----------- ##

/* confdefs.h */
#define PACKAGE_NAME "ViennaRNA"
#define PACKAGE_TARNAME "ViennaRNA"
#define PACKAGE_VERSION "2.4.6"
#define PACKAGE_STRING "ViennaRNA 2.4.6"
#define PACKAGE_BUGREPORT "rna@tbi.univie.ac.at"
#define PACKAGE_URL "http://www.tbi.univie.ac.at/RNA"
#define STDC_HEADERS 1
#define HAVE_SYS_TYPES_H 1
#define HAVE_SYS_STAT_H 1
#define HAVE_STDLIB_H 1
#define HAVE_STRING_H 1
#define HAVE_MEMORY_H 1
#define HAVE_STRINGS_H 1
#define HAVE_INTTYPES_H 1
#define HAVE_STDINT_H 1
#define HAVE_UNISTD_H 1
#define __EXTENSIONS__ 1
#define _ALL_SOURCE 1
#define _GNU_SOURCE 1
#define _POSIX_PTHREAD_SEMANTICS 1
#define _TANDEM_SOURCE 1
#define PACKAGE "ViennaRNA"
#define VERSION "2.4.6"
#define UNUSED __attribute__ ((unused))
#define HAVE_DLFCN_H 1
#define LT_OBJDIR ".libs/"
#define HAVE_LIBM 1
#define STDC_HEADERS 1
#define HAVE__BOOL 1
#define HAVE_STDBOOL_H 1
#define HAVE_MALLOC_H 1
#define HAVE_FLOAT_H 1
#define HAVE_LIMITS_H 1
#define HAVE_STDLIB_H 1
#define HAVE_STRING_H 1
#define HAVE_STRINGS_H 1
#define HAVE_UNISTD_H 1
#define HAVE_MATH_H 1
#define HAVE_STDARG_H 1
#define HAVE_STDLIB_H 1
#define HAVE_MALLOC 1
#define HAVE_STDLIB_H 1
#define HAVE_REALLOC 1
#define HAVE_FLOOR 1
#define HAVE_STRDUP 1
#define HAVE_STRSTR 1
#define HAVE_STRCHR 1
#define HAVE_STRRCHR 1
#define HAVE_STRSTR 1
#define HAVE_STRTOL 1
#define HAVE_STRTOUL 1
#define HAVE_POW 1
#define HAVE_RINT 1
#define HAVE_SQRT 1
#define HAVE_ERAND48 1
#define HAVE_MEMSET 1
#define HAVE_MEMMOVE 1
#define HAVE_ERAND48 1
#define HAVE_ASPRINTF 1
#define HAVE_VASPRINTF 1
#define VRNA_WITH_SVM 1
#define VRNA_WITH_JSON_SUPPORT 1
#define HAVE_OPENMP 1
#define HAVE_OPENMP 1
#define HAVE_PTHREAD_PRIO_INHERIT 1
#define VRNA_WITH_PTHREADS 1
#define VRNA_WITH_BOUSTROPHEDON 1
#define WITH_PYTHON2_INTERFACE 1

configure: exit 0
